{"/Users/alvarotech/dev/chatdb/packages/chatdb-sdk/src/chatdb.ts": {"path":"/Users/alvarotech/dev/chatdb/packages/chatdb-sdk/src/chatdb.ts","all":false,"statementMap":{"0":{"start":{"line":1,"column":0},"end":{"line":1,"column":91}},"15":{"start":{"line":16,"column":0},"end":{"line":16,"column":21}},"16":{"start":{"line":17,"column":0},"end":{"line":17,"column":28}},"17":{"start":{"line":18,"column":0},"end":{"line":18,"column":31}},"18":{"start":{"line":19,"column":0},"end":{"line":19,"column":19}},"25":{"start":{"line":26,"column":0},"end":{"line":26,"column":33}},"26":{"start":{"line":27,"column":0},"end":{"line":27,"column":38}},"27":{"start":{"line":28,"column":0},"end":{"line":28,"column":55}},"28":{"start":{"line":29,"column":0},"end":{"line":29,"column":30}},"29":{"start":{"line":30,"column":0},"end":{"line":30,"column":51}},"30":{"start":{"line":31,"column":0},"end":{"line":31,"column":34}},"32":{"start":{"line":33,"column":0},"end":{"line":33,"column":37}},"33":{"start":{"line":34,"column":0},"end":{"line":34,"column":28}},"34":{"start":{"line":35,"column":0},"end":{"line":35,"column":19}},"35":{"start":{"line":36,"column":0},"end":{"line":36,"column":38}},"36":{"start":{"line":37,"column":0},"end":{"line":37,"column":50}},"37":{"start":{"line":38,"column":0},"end":{"line":38,"column":61}},"38":{"start":{"line":39,"column":0},"end":{"line":39,"column":47}},"39":{"start":{"line":40,"column":0},"end":{"line":40,"column":35}},"40":{"start":{"line":41,"column":0},"end":{"line":41,"column":6}},"41":{"start":{"line":42,"column":0},"end":{"line":42,"column":3}},"43":{"start":{"line":44,"column":0},"end":{"line":44,"column":39}},"44":{"start":{"line":45,"column":0},"end":{"line":45,"column":33}},"45":{"start":{"line":46,"column":0},"end":{"line":46,"column":50}},"47":{"start":{"line":48,"column":0},"end":{"line":48,"column":37}},"48":{"start":{"line":49,"column":0},"end":{"line":49,"column":96}},"49":{"start":{"line":50,"column":0},"end":{"line":50,"column":62}},"50":{"start":{"line":51,"column":0},"end":{"line":51,"column":74}},"51":{"start":{"line":52,"column":0},"end":{"line":52,"column":30}},"52":{"start":{"line":53,"column":0},"end":{"line":53,"column":9}},"54":{"start":{"line":55,"column":0},"end":{"line":55,"column":28}},"55":{"start":{"line":56,"column":0},"end":{"line":56,"column":3}},"58":{"start":{"line":59,"column":0},"end":{"line":59,"column":34}},"59":{"start":{"line":60,"column":0},"end":{"line":60,"column":27}},"60":{"start":{"line":61,"column":0},"end":{"line":61,"column":3}},"66":{"start":{"line":67,"column":0},"end":{"line":67,"column":14}},"67":{"start":{"line":68,"column":0},"end":{"line":68,"column":20}},"68":{"start":{"line":69,"column":0},"end":{"line":69,"column":59}},"69":{"start":{"line":70,"column":0},"end":{"line":70,"column":28}},"70":{"start":{"line":71,"column":0},"end":{"line":71,"column":22}},"72":{"start":{"line":73,"column":0},"end":{"line":73,"column":57}},"73":{"start":{"line":74,"column":0},"end":{"line":74,"column":43}},"74":{"start":{"line":75,"column":0},"end":{"line":75,"column":33}},"77":{"start":{"line":78,"column":0},"end":{"line":78,"column":58}},"80":{"start":{"line":81,"column":0},"end":{"line":81,"column":60}},"83":{"start":{"line":84,"column":0},"end":{"line":84,"column":104}},"86":{"start":{"line":87,"column":0},"end":{"line":87,"column":44}},"87":{"start":{"line":88,"column":0},"end":{"line":88,"column":15}},"88":{"start":{"line":89,"column":0},"end":{"line":89,"column":23}},"89":{"start":{"line":90,"column":0},"end":{"line":90,"column":21}},"90":{"start":{"line":91,"column":0},"end":{"line":91,"column":7}},"93":{"start":{"line":94,"column":0},"end":{"line":94,"column":72}},"94":{"start":{"line":95,"column":0},"end":{"line":95,"column":9}},"95":{"start":{"line":96,"column":0},"end":{"line":96,"column":42}},"96":{"start":{"line":97,"column":0},"end":{"line":97,"column":13}},"97":{"start":{"line":98,"column":0},"end":{"line":98,"column":87}},"98":{"start":{"line":99,"column":0},"end":{"line":99,"column":5}},"100":{"start":{"line":101,"column":0},"end":{"line":101,"column":45}},"101":{"start":{"line":102,"column":0},"end":{"line":102,"column":79}},"102":{"start":{"line":103,"column":0},"end":{"line":103,"column":5}},"105":{"start":{"line":106,"column":0},"end":{"line":106,"column":27}},"106":{"start":{"line":107,"column":0},"end":{"line":107,"column":27}},"107":{"start":{"line":108,"column":0},"end":{"line":108,"column":27}},"108":{"start":{"line":109,"column":0},"end":{"line":109,"column":29}},"109":{"start":{"line":110,"column":0},"end":{"line":110,"column":14}},"112":{"start":{"line":113,"column":0},"end":{"line":113,"column":36}},"113":{"start":{"line":114,"column":0},"end":{"line":114,"column":124}},"114":{"start":{"line":115,"column":0},"end":{"line":115,"column":11}},"115":{"start":{"line":116,"column":0},"end":{"line":116,"column":6}},"116":{"start":{"line":117,"column":0},"end":{"line":117,"column":54}},"119":{"start":{"line":120,"column":0},"end":{"line":120,"column":89}},"120":{"start":{"line":121,"column":0},"end":{"line":121,"column":28}},"121":{"start":{"line":122,"column":0},"end":{"line":122,"column":63}},"122":{"start":{"line":123,"column":0},"end":{"line":123,"column":5}},"125":{"start":{"line":126,"column":0},"end":{"line":126,"column":65}},"128":{"start":{"line":129,"column":0},"end":{"line":129,"column":63}},"130":{"start":{"line":131,"column":0},"end":{"line":131,"column":81}},"132":{"start":{"line":133,"column":0},"end":{"line":133,"column":12}},"133":{"start":{"line":134,"column":0},"end":{"line":134,"column":19}},"134":{"start":{"line":135,"column":0},"end":{"line":135,"column":38}},"135":{"start":{"line":136,"column":0},"end":{"line":136,"column":16}},"136":{"start":{"line":137,"column":0},"end":{"line":137,"column":35}},"137":{"start":{"line":138,"column":0},"end":{"line":138,"column":29}},"138":{"start":{"line":139,"column":0},"end":{"line":139,"column":37}},"139":{"start":{"line":140,"column":0},"end":{"line":140,"column":27}},"140":{"start":{"line":141,"column":0},"end":{"line":141,"column":11}},"141":{"start":{"line":142,"column":0},"end":{"line":142,"column":20}},"142":{"start":{"line":143,"column":0},"end":{"line":143,"column":34}},"143":{"start":{"line":144,"column":0},"end":{"line":144,"column":28}},"144":{"start":{"line":145,"column":0},"end":{"line":145,"column":23}},"145":{"start":{"line":146,"column":0},"end":{"line":146,"column":49}},"146":{"start":{"line":147,"column":0},"end":{"line":147,"column":39}},"147":{"start":{"line":148,"column":0},"end":{"line":148,"column":14}},"148":{"start":{"line":149,"column":0},"end":{"line":149,"column":11}},"149":{"start":{"line":150,"column":0},"end":{"line":150,"column":14}},"150":{"start":{"line":151,"column":0},"end":{"line":151,"column":6}},"151":{"start":{"line":152,"column":0},"end":{"line":152,"column":3}},"156":{"start":{"line":157,"column":0},"end":{"line":157,"column":53}},"157":{"start":{"line":158,"column":0},"end":{"line":158,"column":72}},"158":{"start":{"line":159,"column":0},"end":{"line":159,"column":22}},"159":{"start":{"line":160,"column":0},"end":{"line":160,"column":41}},"160":{"start":{"line":161,"column":0},"end":{"line":161,"column":71}},"161":{"start":{"line":162,"column":0},"end":{"line":162,"column":6}},"162":{"start":{"line":163,"column":0},"end":{"line":163,"column":18}},"163":{"start":{"line":164,"column":0},"end":{"line":164,"column":3}},"166":{"start":{"line":167,"column":0},"end":{"line":167,"column":24}},"167":{"start":{"line":168,"column":0},"end":{"line":168,"column":22}},"168":{"start":{"line":169,"column":0},"end":{"line":169,"column":3}},"171":{"start":{"line":172,"column":0},"end":{"line":172,"column":25}},"172":{"start":{"line":173,"column":0},"end":{"line":173,"column":29}},"173":{"start":{"line":174,"column":0},"end":{"line":174,"column":3}},"176":{"start":{"line":177,"column":0},"end":{"line":177,"column":57}},"177":{"start":{"line":178,"column":0},"end":{"line":178,"column":22}},"178":{"start":{"line":179,"column":0},"end":{"line":179,"column":67}},"179":{"start":{"line":180,"column":0},"end":{"line":180,"column":3}},"182":{"start":{"line":183,"column":0},"end":{"line":183,"column":42}},"183":{"start":{"line":184,"column":0},"end":{"line":184,"column":22}},"184":{"start":{"line":185,"column":0},"end":{"line":185,"column":33}},"185":{"start":{"line":186,"column":0},"end":{"line":186,"column":3}},"188":{"start":{"line":189,"column":0},"end":{"line":189,"column":60}},"189":{"start":{"line":190,"column":0},"end":{"line":190,"column":22}},"190":{"start":{"line":191,"column":0},"end":{"line":191,"column":64}},"191":{"start":{"line":192,"column":0},"end":{"line":192,"column":3}},"194":{"start":{"line":195,"column":0},"end":{"line":195,"column":32}},"195":{"start":{"line":196,"column":0},"end":{"line":196,"column":27}},"196":{"start":{"line":197,"column":0},"end":{"line":197,"column":28}},"197":{"start":{"line":198,"column":0},"end":{"line":198,"column":5}},"198":{"start":{"line":199,"column":0},"end":{"line":199,"column":3}},"200":{"start":{"line":201,"column":0},"end":{"line":201,"column":70}},"201":{"start":{"line":202,"column":0},"end":{"line":202,"column":27}},"202":{"start":{"line":203,"column":0},"end":{"line":203,"column":52}},"203":{"start":{"line":204,"column":0},"end":{"line":204,"column":67}},"204":{"start":{"line":205,"column":0},"end":{"line":205,"column":25}},"205":{"start":{"line":206,"column":0},"end":{"line":206,"column":5}},"206":{"start":{"line":207,"column":0},"end":{"line":207,"column":57}},"207":{"start":{"line":208,"column":0},"end":{"line":208,"column":58}},"208":{"start":{"line":209,"column":0},"end":{"line":209,"column":16}},"209":{"start":{"line":210,"column":0},"end":{"line":210,"column":3}},"211":{"start":{"line":212,"column":0},"end":{"line":212,"column":24}},"212":{"start":{"line":213,"column":0},"end":{"line":213,"column":19}},"213":{"start":{"line":214,"column":0},"end":{"line":214,"column":27}},"214":{"start":{"line":215,"column":0},"end":{"line":215,"column":20}},"215":{"start":{"line":216,"column":0},"end":{"line":216,"column":22}},"216":{"start":{"line":217,"column":0},"end":{"line":217,"column":23}},"217":{"start":{"line":218,"column":0},"end":{"line":218,"column":5}},"218":{"start":{"line":219,"column":0},"end":{"line":219,"column":32}},"219":{"start":{"line":220,"column":0},"end":{"line":220,"column":80}},"220":{"start":{"line":221,"column":0},"end":{"line":221,"column":57}},"221":{"start":{"line":222,"column":0},"end":{"line":222,"column":47}},"223":{"start":{"line":224,"column":0},"end":{"line":224,"column":85}},"224":{"start":{"line":225,"column":0},"end":{"line":225,"column":79}},"225":{"start":{"line":226,"column":0},"end":{"line":226,"column":13}},"226":{"start":{"line":227,"column":0},"end":{"line":227,"column":34}},"227":{"start":{"line":228,"column":0},"end":{"line":228,"column":6}},"229":{"start":{"line":230,"column":0},"end":{"line":230,"column":87}},"230":{"start":{"line":231,"column":0},"end":{"line":231,"column":76}},"231":{"start":{"line":232,"column":0},"end":{"line":232,"column":67}},"233":{"start":{"line":234,"column":0},"end":{"line":234,"column":54}},"234":{"start":{"line":235,"column":0},"end":{"line":235,"column":67}},"235":{"start":{"line":236,"column":0},"end":{"line":236,"column":53}},"237":{"start":{"line":238,"column":0},"end":{"line":238,"column":35}},"238":{"start":{"line":239,"column":0},"end":{"line":239,"column":14}},"239":{"start":{"line":240,"column":0},"end":{"line":240,"column":39}},"240":{"start":{"line":241,"column":0},"end":{"line":241,"column":16}},"241":{"start":{"line":242,"column":0},"end":{"line":242,"column":23}},"242":{"start":{"line":243,"column":0},"end":{"line":243,"column":21}},"243":{"start":{"line":244,"column":0},"end":{"line":244,"column":27}},"244":{"start":{"line":245,"column":0},"end":{"line":245,"column":29}},"245":{"start":{"line":246,"column":0},"end":{"line":246,"column":26}},"246":{"start":{"line":247,"column":0},"end":{"line":247,"column":10}},"247":{"start":{"line":248,"column":0},"end":{"line":248,"column":8}},"248":{"start":{"line":249,"column":0},"end":{"line":249,"column":5}},"250":{"start":{"line":251,"column":0},"end":{"line":251,"column":41}},"251":{"start":{"line":252,"column":0},"end":{"line":252,"column":42}},"252":{"start":{"line":253,"column":0},"end":{"line":253,"column":26}},"254":{"start":{"line":255,"column":0},"end":{"line":255,"column":31}},"255":{"start":{"line":256,"column":0},"end":{"line":256,"column":21}},"256":{"start":{"line":257,"column":0},"end":{"line":257,"column":27}},"257":{"start":{"line":258,"column":0},"end":{"line":258,"column":23}},"258":{"start":{"line":259,"column":0},"end":{"line":259,"column":28}},"259":{"start":{"line":260,"column":0},"end":{"line":260,"column":39}},"260":{"start":{"line":261,"column":0},"end":{"line":261,"column":39}},"261":{"start":{"line":262,"column":0},"end":{"line":262,"column":56}},"262":{"start":{"line":263,"column":0},"end":{"line":263,"column":15}},"264":{"start":{"line":265,"column":0},"end":{"line":265,"column":45}},"265":{"start":{"line":266,"column":0},"end":{"line":266,"column":46}},"267":{"start":{"line":268,"column":0},"end":{"line":268,"column":36}},"268":{"start":{"line":269,"column":0},"end":{"line":269,"column":30}},"269":{"start":{"line":270,"column":0},"end":{"line":270,"column":55}},"270":{"start":{"line":271,"column":0},"end":{"line":271,"column":5}},"272":{"start":{"line":273,"column":0},"end":{"line":273,"column":12}},"273":{"start":{"line":274,"column":0},"end":{"line":274,"column":53}},"274":{"start":{"line":275,"column":0},"end":{"line":275,"column":14}},"275":{"start":{"line":276,"column":0},"end":{"line":276,"column":21}},"276":{"start":{"line":277,"column":0},"end":{"line":277,"column":19}},"277":{"start":{"line":278,"column":0},"end":{"line":278,"column":22}},"278":{"start":{"line":279,"column":0},"end":{"line":279,"column":44}},"279":{"start":{"line":280,"column":0},"end":{"line":280,"column":24}},"280":{"start":{"line":281,"column":0},"end":{"line":281,"column":8}},"281":{"start":{"line":282,"column":0},"end":{"line":282,"column":6}},"282":{"start":{"line":283,"column":0},"end":{"line":283,"column":3}},"283":{"start":{"line":284,"column":0},"end":{"line":284,"column":1}}},"s":{"0":1,"15":1,"16":30,"17":30,"18":30,"25":30,"26":30,"27":30,"28":30,"29":30,"30":30,"32":30,"33":30,"34":30,"35":30,"36":30,"37":30,"38":30,"39":30,"40":30,"41":30,"43":30,"44":34,"45":34,"47":27,"48":27,"49":27,"50":27,"51":27,"52":27,"54":27,"55":34,"58":30,"59":0,"60":0,"66":30,"67":30,"68":30,"69":30,"70":30,"72":30,"73":30,"74":30,"77":30,"80":30,"83":30,"86":30,"87":30,"88":30,"89":30,"90":30,"93":30,"94":30,"95":30,"96":30,"97":2,"98":2,"100":30,"101":1,"102":1,"105":27,"106":27,"107":27,"108":27,"109":27,"112":27,"113":27,"114":27,"115":27,"116":27,"119":27,"120":30,"121":1,"122":1,"125":26,"128":26,"130":30,"132":30,"133":30,"134":30,"135":30,"136":30,"137":30,"138":30,"139":30,"140":1,"141":1,"142":1,"143":1,"144":1,"145":1,"146":1,"147":1,"148":1,"149":25,"150":30,"151":30,"156":30,"157":5,"158":5,"159":5,"160":5,"161":5,"162":5,"163":5,"166":30,"167":1,"168":1,"171":30,"172":1,"173":1,"176":30,"177":1,"178":1,"179":1,"182":30,"183":1,"184":1,"185":1,"188":30,"189":2,"190":2,"191":2,"194":30,"195":2,"196":1,"197":1,"198":2,"200":30,"201":30,"202":30,"203":30,"204":6,"205":6,"206":24,"207":24,"208":24,"209":30,"211":30,"212":30,"213":30,"214":30,"215":30,"216":30,"217":30,"218":30,"219":30,"220":30,"221":30,"223":30,"224":30,"225":30,"226":30,"227":30,"229":30,"230":30,"231":30,"233":30,"234":30,"235":30,"237":30,"238":0,"239":0,"240":0,"241":0,"242":0,"243":0,"244":0,"245":0,"246":0,"247":0,"248":0,"250":30,"251":30,"252":30,"254":30,"255":2,"256":2,"257":1,"258":1,"259":1,"260":1,"261":1,"262":1,"264":2,"265":2,"267":2,"268":2,"269":2,"270":2,"272":30,"273":30,"274":30,"275":30,"276":30,"277":30,"278":30,"279":30,"280":30,"281":30,"282":30,"283":30},"branchMap":{"0":{"type":"branch","line":16,"loc":{"start":{"line":16,"column":20},"end":{"line":284,"column":1}},"locations":[{"start":{"line":16,"column":20},"end":{"line":284,"column":1}}]},"1":{"type":"branch","line":33,"loc":{"start":{"line":33,"column":2},"end":{"line":42,"column":3}},"locations":[{"start":{"line":33,"column":2},"end":{"line":42,"column":3}}]},"2":{"type":"branch","line":36,"loc":{"start":{"line":36,"column":22},"end":{"line":36,"column":38}},"locations":[{"start":{"line":36,"column":22},"end":{"line":36,"column":38}}]},"3":{"type":"branch","line":38,"loc":{"start":{"line":38,"column":29},"end":{"line":38,"column":61}},"locations":[{"start":{"line":38,"column":29},"end":{"line":38,"column":61}}]},"4":{"type":"branch","line":39,"loc":{"start":{"line":39,"column":26},"end":{"line":39,"column":47}},"locations":[{"start":{"line":39,"column":26},"end":{"line":39,"column":47}}]},"5":{"type":"branch","line":40,"loc":{"start":{"line":40,"column":20},"end":{"line":40,"column":35}},"locations":[{"start":{"line":40,"column":20},"end":{"line":40,"column":35}}]},"6":{"type":"branch","line":44,"loc":{"start":{"line":44,"column":2},"end":{"line":56,"column":3}},"locations":[{"start":{"line":44,"column":2},"end":{"line":56,"column":3}}]},"7":{"type":"branch","line":45,"loc":{"start":{"line":45,"column":26},"end":{"line":45,"column":33}},"locations":[{"start":{"line":45,"column":26},"end":{"line":45,"column":33}}]},"8":{"type":"branch","line":45,"loc":{"start":{"line":45,"column":26},"end":{"line":46,"column":33}},"locations":[{"start":{"line":45,"column":26},"end":{"line":46,"column":33}}]},"9":{"type":"branch","line":46,"loc":{"start":{"line":46,"column":26},"end":{"line":46,"column":50}},"locations":[{"start":{"line":46,"column":26},"end":{"line":46,"column":50}}]},"10":{"type":"branch","line":46,"loc":{"start":{"line":46,"column":38},"end":{"line":55,"column":28}},"locations":[{"start":{"line":46,"column":38},"end":{"line":55,"column":28}}]},"11":{"type":"branch","line":48,"loc":{"start":{"line":48,"column":24},"end":{"line":53,"column":7}},"locations":[{"start":{"line":48,"column":24},"end":{"line":53,"column":7}}]},"12":{"type":"branch","line":51,"loc":{"start":{"line":51,"column":42},"end":{"line":51,"column":74}},"locations":[{"start":{"line":51,"column":42},"end":{"line":51,"column":74}}]},"13":{"type":"branch","line":67,"loc":{"start":{"line":67,"column":2},"end":{"line":152,"column":3}},"locations":[{"start":{"line":67,"column":2},"end":{"line":152,"column":3}}]},"14":{"type":"branch","line":73,"loc":{"start":{"line":73,"column":19},"end":{"line":73,"column":38}},"locations":[{"start":{"line":73,"column":19},"end":{"line":73,"column":38}}]},"15":{"type":"branch","line":73,"loc":{"start":{"line":73,"column":28},"end":{"line":73,"column":57}},"locations":[{"start":{"line":73,"column":28},"end":{"line":73,"column":57}}]},"16":{"type":"branch","line":74,"loc":{"start":{"line":74,"column":20},"end":{"line":74,"column":40}},"locations":[{"start":{"line":74,"column":20},"end":{"line":74,"column":40}}]},"17":{"type":"branch","line":74,"loc":{"start":{"line":74,"column":29},"end":{"line":74,"column":43}},"locations":[{"start":{"line":74,"column":29},"end":{"line":74,"column":43}}]},"18":{"type":"branch","line":97,"loc":{"start":{"line":97,"column":4},"end":{"line":99,"column":5}},"locations":[{"start":{"line":97,"column":4},"end":{"line":99,"column":5}}]},"19":{"type":"branch","line":99,"loc":{"start":{"line":99,"column":4},"end":{"line":101,"column":23}},"locations":[{"start":{"line":99,"column":4},"end":{"line":101,"column":23}}]},"20":{"type":"branch","line":101,"loc":{"start":{"line":101,"column":16},"end":{"line":101,"column":44}},"locations":[{"start":{"line":101,"column":16},"end":{"line":101,"column":44}}]},"21":{"type":"branch","line":101,"loc":{"start":{"line":101,"column":44},"end":{"line":103,"column":5}},"locations":[{"start":{"line":101,"column":44},"end":{"line":103,"column":5}}]},"22":{"type":"branch","line":103,"loc":{"start":{"line":103,"column":4},"end":{"line":121,"column":27}},"locations":[{"start":{"line":103,"column":4},"end":{"line":121,"column":27}}]},"23":{"type":"branch","line":121,"loc":{"start":{"line":121,"column":27},"end":{"line":123,"column":5}},"locations":[{"start":{"line":121,"column":27},"end":{"line":123,"column":5}}]},"24":{"type":"branch","line":123,"loc":{"start":{"line":123,"column":4},"end":{"line":131,"column":73}},"locations":[{"start":{"line":123,"column":4},"end":{"line":131,"column":73}}]},"25":{"type":"branch","line":131,"loc":{"start":{"line":131,"column":30},"end":{"line":131,"column":81}},"locations":[{"start":{"line":131,"column":30},"end":{"line":131,"column":81}}]},"26":{"type":"branch","line":140,"loc":{"start":{"line":140,"column":22},"end":{"line":149,"column":11}},"locations":[{"start":{"line":140,"column":22},"end":{"line":149,"column":11}}]},"27":{"type":"branch","line":149,"loc":{"start":{"line":149,"column":10},"end":{"line":150,"column":14}},"locations":[{"start":{"line":149,"column":10},"end":{"line":150,"column":14}}]},"28":{"type":"branch","line":157,"loc":{"start":{"line":157,"column":2},"end":{"line":164,"column":3}},"locations":[{"start":{"line":157,"column":2},"end":{"line":164,"column":3}}]},"29":{"type":"branch","line":167,"loc":{"start":{"line":167,"column":2},"end":{"line":169,"column":3}},"locations":[{"start":{"line":167,"column":2},"end":{"line":169,"column":3}}]},"30":{"type":"branch","line":172,"loc":{"start":{"line":172,"column":2},"end":{"line":174,"column":3}},"locations":[{"start":{"line":172,"column":2},"end":{"line":174,"column":3}}]},"31":{"type":"branch","line":177,"loc":{"start":{"line":177,"column":2},"end":{"line":180,"column":3}},"locations":[{"start":{"line":177,"column":2},"end":{"line":180,"column":3}}]},"32":{"type":"branch","line":183,"loc":{"start":{"line":183,"column":2},"end":{"line":186,"column":3}},"locations":[{"start":{"line":183,"column":2},"end":{"line":186,"column":3}}]},"33":{"type":"branch","line":189,"loc":{"start":{"line":189,"column":2},"end":{"line":192,"column":3}},"locations":[{"start":{"line":189,"column":2},"end":{"line":192,"column":3}}]},"34":{"type":"branch","line":191,"loc":{"start":{"line":191,"column":30},"end":{"line":191,"column":62}},"locations":[{"start":{"line":191,"column":30},"end":{"line":191,"column":62}}]},"35":{"type":"branch","line":195,"loc":{"start":{"line":195,"column":2},"end":{"line":199,"column":3}},"locations":[{"start":{"line":195,"column":2},"end":{"line":199,"column":3}}]},"36":{"type":"branch","line":196,"loc":{"start":{"line":196,"column":26},"end":{"line":198,"column":5}},"locations":[{"start":{"line":196,"column":26},"end":{"line":198,"column":5}}]},"37":{"type":"branch","line":201,"loc":{"start":{"line":201,"column":2},"end":{"line":210,"column":3}},"locations":[{"start":{"line":201,"column":2},"end":{"line":210,"column":3}}]},"38":{"type":"branch","line":204,"loc":{"start":{"line":204,"column":8},"end":{"line":204,"column":66}},"locations":[{"start":{"line":204,"column":8},"end":{"line":204,"column":66}}]},"39":{"type":"branch","line":204,"loc":{"start":{"line":204,"column":66},"end":{"line":206,"column":5}},"locations":[{"start":{"line":204,"column":66},"end":{"line":206,"column":5}}]},"40":{"type":"branch","line":206,"loc":{"start":{"line":206,"column":4},"end":{"line":209,"column":16}},"locations":[{"start":{"line":206,"column":4},"end":{"line":209,"column":16}}]},"41":{"type":"branch","line":212,"loc":{"start":{"line":212,"column":10},"end":{"line":283,"column":3}},"locations":[{"start":{"line":212,"column":10},"end":{"line":283,"column":3}}]},"42":{"type":"branch","line":238,"loc":{"start":{"line":238,"column":34},"end":{"line":249,"column":5}},"locations":[{"start":{"line":238,"column":34},"end":{"line":249,"column":5}}]},"43":{"type":"branch","line":255,"loc":{"start":{"line":255,"column":30},"end":{"line":271,"column":5}},"locations":[{"start":{"line":255,"column":30},"end":{"line":271,"column":5}}]},"44":{"type":"branch","line":257,"loc":{"start":{"line":257,"column":21},"end":{"line":258,"column":23}},"locations":[{"start":{"line":257,"column":21},"end":{"line":258,"column":23}}]},"45":{"type":"branch","line":258,"loc":{"start":{"line":258,"column":16},"end":{"line":263,"column":15}},"locations":[{"start":{"line":258,"column":16},"end":{"line":263,"column":15}}]},"46":{"type":"branch","line":260,"loc":{"start":{"line":260,"column":29},"end":{"line":260,"column":39}},"locations":[{"start":{"line":260,"column":29},"end":{"line":260,"column":39}}]},"47":{"type":"branch","line":262,"loc":{"start":{"line":262,"column":35},"end":{"line":262,"column":56}},"locations":[{"start":{"line":262,"column":35},"end":{"line":262,"column":56}}]},"48":{"type":"branch","line":266,"loc":{"start":{"line":266,"column":40},"end":{"line":266,"column":46}},"locations":[{"start":{"line":266,"column":40},"end":{"line":266,"column":46}}]}},"b":{"0":[30],"1":[30],"2":[29],"3":[29],"4":[29],"5":[29],"6":[34],"7":[7],"8":[27],"9":[0],"10":[27],"11":[27],"12":[26],"13":[30],"14":[6],"15":[29],"16":[6],"17":[25],"18":[2],"19":[28],"20":[27],"21":[1],"22":[27],"23":[1],"24":[26],"25":[0],"26":[1],"27":[25],"28":[5],"29":[1],"30":[1],"31":[1],"32":[1],"33":[2],"34":[1],"35":[2],"36":[1],"37":[30],"38":[6],"39":[6],"40":[24],"41":[30],"42":[0],"43":[2],"44":[1],"45":[1],"46":[0],"47":[0],"48":[0]},"fnMap":{"0":{"name":"<instance_members_initializer>","decl":{"start":{"line":16,"column":20},"end":{"line":284,"column":1}},"loc":{"start":{"line":16,"column":20},"end":{"line":284,"column":1}},"line":16},"1":{"name":"ChatDB","decl":{"start":{"line":33,"column":2},"end":{"line":42,"column":3}},"loc":{"start":{"line":33,"column":2},"end":{"line":42,"column":3}},"line":33},"2":{"name":"init","decl":{"start":{"line":44,"column":2},"end":{"line":56,"column":3}},"loc":{"start":{"line":44,"column":2},"end":{"line":56,"column":3}},"line":44},"3":{"name":"get dialect","decl":{"start":{"line":59,"column":2},"end":{"line":61,"column":3}},"loc":{"start":{"line":59,"column":2},"end":{"line":61,"column":3}},"line":59},"4":{"name":"query","decl":{"start":{"line":67,"column":2},"end":{"line":152,"column":3}},"loc":{"start":{"line":67,"column":2},"end":{"line":152,"column":3}},"line":67},"5":{"name":"ask","decl":{"start":{"line":157,"column":2},"end":{"line":164,"column":3}},"loc":{"start":{"line":157,"column":2},"end":{"line":164,"column":3}},"line":157},"6":{"name":"clearHistory","decl":{"start":{"line":167,"column":2},"end":{"line":169,"column":3}},"loc":{"start":{"line":167,"column":2},"end":{"line":169,"column":3}},"line":167},"7":{"name":"refreshSchema","decl":{"start":{"line":172,"column":2},"end":{"line":174,"column":3}},"loc":{"start":{"line":172,"column":2},"end":{"line":174,"column":3}},"line":172},"8":{"name":"getSchema","decl":{"start":{"line":177,"column":2},"end":{"line":180,"column":3}},"loc":{"start":{"line":177,"column":2},"end":{"line":180,"column":3}},"line":177},"9":{"name":"listSchemas","decl":{"start":{"line":183,"column":2},"end":{"line":186,"column":3}},"loc":{"start":{"line":183,"column":2},"end":{"line":186,"column":3}},"line":183},"10":{"name":"listTables","decl":{"start":{"line":189,"column":2},"end":{"line":192,"column":3}},"loc":{"start":{"line":189,"column":2},"end":{"line":192,"column":3}},"line":189},"11":{"name":"close","decl":{"start":{"line":195,"column":2},"end":{"line":199,"column":3}},"loc":{"start":{"line":195,"column":2},"end":{"line":199,"column":3}},"line":195},"12":{"name":"getCachedSchema","decl":{"start":{"line":201,"column":2},"end":{"line":210,"column":3}},"loc":{"start":{"line":201,"column":2},"end":{"line":210,"column":3}},"line":201},"13":{"name":"buildMessages","decl":{"start":{"line":212,"column":10},"end":{"line":283,"column":3}},"loc":{"start":{"line":212,"column":10},"end":{"line":283,"column":3}},"line":212}},"f":{"0":30,"1":30,"2":34,"3":0,"4":30,"5":5,"6":1,"7":1,"8":1,"9":1,"10":2,"11":2,"12":30,"13":30}}
,"/Users/alvarotech/dev/chatdb/packages/chatdb-sdk/src/index.ts": {"path":"/Users/alvarotech/dev/chatdb/packages/chatdb-sdk/src/index.ts","all":true,"statementMap":{"0":{"start":{"line":1,"column":0},"end":{"line":1,"column":13}}},"s":{"0":0},"branchMap":{"0":{"type":"branch","line":1,"loc":{"start":{"line":1,"column":1045},"end":{"line":40,"column":27}},"locations":[{"start":{"line":1,"column":1045},"end":{"line":40,"column":27}}]}},"b":{"0":[0]},"fnMap":{"0":{"name":"(empty-report)","decl":{"start":{"line":1,"column":1045},"end":{"line":40,"column":27}},"loc":{"start":{"line":1,"column":1045},"end":{"line":40,"column":27}},"line":1}},"f":{"0":0}}
,"/Users/alvarotech/dev/chatdb/packages/chatdb-sdk/src/__tests__/chatdb.test.ts": {"path":"/Users/alvarotech/dev/chatdb/packages/chatdb-sdk/src/__tests__/chatdb.test.ts","all":false,"statementMap":{"0":{"start":{"line":1,"column":0},"end":{"line":1,"column":62}},"14":{"start":{"line":15,"column":0},"end":{"line":15,"column":66}},"15":{"start":{"line":16,"column":0},"end":{"line":16,"column":69}},"17":{"start":{"line":18,"column":0},"end":{"line":18,"column":56}},"18":{"start":{"line":19,"column":0},"end":{"line":19,"column":10}},"19":{"start":{"line":20,"column":0},"end":{"line":20,"column":21}},"20":{"start":{"line":21,"column":0},"end":{"line":21,"column":41}},"21":{"start":{"line":22,"column":0},"end":{"line":22,"column":119}},"22":{"start":{"line":23,"column":0},"end":{"line":23,"column":26}},"23":{"start":{"line":24,"column":0},"end":{"line":24,"column":7}},"24":{"start":{"line":25,"column":0},"end":{"line":25,"column":54}},"25":{"start":{"line":26,"column":0},"end":{"line":26,"column":56}},"26":{"start":{"line":27,"column":0},"end":{"line":27,"column":4}},"27":{"start":{"line":28,"column":0},"end":{"line":28,"column":1}},"29":{"start":{"line":30,"column":0},"end":{"line":30,"column":42}},"30":{"start":{"line":31,"column":0},"end":{"line":31,"column":10}},"31":{"start":{"line":32,"column":0},"end":{"line":32,"column":26}},"32":{"start":{"line":33,"column":0},"end":{"line":33,"column":28}},"33":{"start":{"line":34,"column":0},"end":{"line":34,"column":40}},"34":{"start":{"line":35,"column":0},"end":{"line":35,"column":25}},"35":{"start":{"line":36,"column":0},"end":{"line":36,"column":28}},"36":{"start":{"line":37,"column":0},"end":{"line":37,"column":18}},"37":{"start":{"line":38,"column":0},"end":{"line":38,"column":7}},"38":{"start":{"line":39,"column":0},"end":{"line":39,"column":44}},"39":{"start":{"line":40,"column":0},"end":{"line":40,"column":113}},"40":{"start":{"line":41,"column":0},"end":{"line":41,"column":68}},"41":{"start":{"line":42,"column":0},"end":{"line":42,"column":63}},"42":{"start":{"line":43,"column":0},"end":{"line":43,"column":46}},"43":{"start":{"line":44,"column":0},"end":{"line":44,"column":48}},"44":{"start":{"line":45,"column":0},"end":{"line":45,"column":4}},"45":{"start":{"line":46,"column":0},"end":{"line":46,"column":1}},"47":{"start":{"line":48,"column":0},"end":{"line":48,"column":26}},"48":{"start":{"line":49,"column":0},"end":{"line":49,"column":27}},"49":{"start":{"line":50,"column":0},"end":{"line":50,"column":30}},"51":{"start":{"line":52,"column":0},"end":{"line":52,"column":20}},"52":{"start":{"line":53,"column":0},"end":{"line":53,"column":23}},"53":{"start":{"line":54,"column":0},"end":{"line":54,"column":30}},"54":{"start":{"line":55,"column":0},"end":{"line":55,"column":28}},"55":{"start":{"line":56,"column":0},"end":{"line":56,"column":61}},"56":{"start":{"line":57,"column":0},"end":{"line":57,"column":64}},"57":{"start":{"line":58,"column":0},"end":{"line":58,"column":5}},"61":{"start":{"line":62,"column":0},"end":{"line":62,"column":53}},"62":{"start":{"line":63,"column":0},"end":{"line":63,"column":110}},"63":{"start":{"line":64,"column":0},"end":{"line":64,"column":29}},"64":{"start":{"line":65,"column":0},"end":{"line":65,"column":5}},"68":{"start":{"line":69,"column":0},"end":{"line":69,"column":53}},"69":{"start":{"line":70,"column":0},"end":{"line":70,"column":102}},"70":{"start":{"line":71,"column":0},"end":{"line":71,"column":53}},"72":{"start":{"line":73,"column":0},"end":{"line":73,"column":52}},"73":{"start":{"line":74,"column":0},"end":{"line":74,"column":55}},"74":{"start":{"line":75,"column":0},"end":{"line":75,"column":44}},"75":{"start":{"line":76,"column":0},"end":{"line":76,"column":46}},"76":{"start":{"line":77,"column":0},"end":{"line":77,"column":49}},"77":{"start":{"line":78,"column":0},"end":{"line":78,"column":36}},"78":{"start":{"line":79,"column":0},"end":{"line":79,"column":5}},"80":{"start":{"line":81,"column":0},"end":{"line":81,"column":51}},"81":{"start":{"line":82,"column":0},"end":{"line":82,"column":102}},"82":{"start":{"line":83,"column":0},"end":{"line":83,"column":53}},"85":{"start":{"line":86,"column":0},"end":{"line":86,"column":47}},"86":{"start":{"line":87,"column":0},"end":{"line":87,"column":5}},"88":{"start":{"line":89,"column":0},"end":{"line":89,"column":47}},"89":{"start":{"line":90,"column":0},"end":{"line":90,"column":27}},"90":{"start":{"line":91,"column":0},"end":{"line":91,"column":38}},"91":{"start":{"line":92,"column":0},"end":{"line":92,"column":44}},"92":{"start":{"line":93,"column":0},"end":{"line":93,"column":18}},"93":{"start":{"line":94,"column":0},"end":{"line":94,"column":7}},"94":{"start":{"line":95,"column":0},"end":{"line":95,"column":53}},"95":{"start":{"line":96,"column":0},"end":{"line":96,"column":45}},"96":{"start":{"line":97,"column":0},"end":{"line":97,"column":5}},"98":{"start":{"line":99,"column":0},"end":{"line":99,"column":61}},"99":{"start":{"line":100,"column":0},"end":{"line":100,"column":102}},"100":{"start":{"line":101,"column":0},"end":{"line":101,"column":38}},"102":{"start":{"line":103,"column":0},"end":{"line":103,"column":48}},"103":{"start":{"line":104,"column":0},"end":{"line":104,"column":49}},"104":{"start":{"line":105,"column":0},"end":{"line":105,"column":15}},"105":{"start":{"line":106,"column":0},"end":{"line":106,"column":6}},"106":{"start":{"line":107,"column":0},"end":{"line":107,"column":5}},"108":{"start":{"line":109,"column":0},"end":{"line":109,"column":55}},"109":{"start":{"line":110,"column":0},"end":{"line":110,"column":102}},"110":{"start":{"line":111,"column":0},"end":{"line":111,"column":63}},"112":{"start":{"line":113,"column":0},"end":{"line":113,"column":48}},"113":{"start":{"line":114,"column":0},"end":{"line":114,"column":25}},"114":{"start":{"line":115,"column":0},"end":{"line":115,"column":18}},"115":{"start":{"line":116,"column":0},"end":{"line":116,"column":6}},"116":{"start":{"line":117,"column":0},"end":{"line":117,"column":5}},"118":{"start":{"line":119,"column":0},"end":{"line":119,"column":63}},"119":{"start":{"line":120,"column":0},"end":{"line":120,"column":27}},"120":{"start":{"line":121,"column":0},"end":{"line":121,"column":38}},"121":{"start":{"line":122,"column":0},"end":{"line":122,"column":44}},"122":{"start":{"line":123,"column":0},"end":{"line":123,"column":18}},"123":{"start":{"line":124,"column":0},"end":{"line":124,"column":7}},"124":{"start":{"line":125,"column":0},"end":{"line":125,"column":53}},"126":{"start":{"line":127,"column":0},"end":{"line":127,"column":39}},"127":{"start":{"line":128,"column":0},"end":{"line":128,"column":51}},"128":{"start":{"line":129,"column":0},"end":{"line":129,"column":53}},"129":{"start":{"line":130,"column":0},"end":{"line":130,"column":63}},"130":{"start":{"line":131,"column":0},"end":{"line":131,"column":51}},"131":{"start":{"line":132,"column":0},"end":{"line":132,"column":5}},"133":{"start":{"line":134,"column":0},"end":{"line":134,"column":66}},"134":{"start":{"line":135,"column":0},"end":{"line":135,"column":102}},"135":{"start":{"line":136,"column":0},"end":{"line":136,"column":53}},"136":{"start":{"line":137,"column":0},"end":{"line":137,"column":41}},"137":{"start":{"line":138,"column":0},"end":{"line":138,"column":5}},"139":{"start":{"line":140,"column":0},"end":{"line":140,"column":58}},"140":{"start":{"line":141,"column":0},"end":{"line":141,"column":141}},"141":{"start":{"line":142,"column":0},"end":{"line":142,"column":57}},"143":{"start":{"line":144,"column":0},"end":{"line":144,"column":102}},"144":{"start":{"line":145,"column":0},"end":{"line":145,"column":47}},"146":{"start":{"line":147,"column":0},"end":{"line":147,"column":45}},"147":{"start":{"line":148,"column":0},"end":{"line":148,"column":5}},"149":{"start":{"line":150,"column":0},"end":{"line":150,"column":65}},"150":{"start":{"line":151,"column":0},"end":{"line":151,"column":116}},"151":{"start":{"line":152,"column":0},"end":{"line":152,"column":57}},"153":{"start":{"line":154,"column":0},"end":{"line":154,"column":102}},"154":{"start":{"line":155,"column":0},"end":{"line":155,"column":47}},"155":{"start":{"line":156,"column":0},"end":{"line":156,"column":48}},"156":{"start":{"line":157,"column":0},"end":{"line":157,"column":42}},"157":{"start":{"line":158,"column":0},"end":{"line":158,"column":5}},"159":{"start":{"line":160,"column":0},"end":{"line":160,"column":66}},"160":{"start":{"line":161,"column":0},"end":{"line":161,"column":108}},"161":{"start":{"line":162,"column":0},"end":{"line":162,"column":57}},"163":{"start":{"line":164,"column":0},"end":{"line":164,"column":102}},"164":{"start":{"line":165,"column":0},"end":{"line":165,"column":79}},"165":{"start":{"line":166,"column":0},"end":{"line":166,"column":5}},"167":{"start":{"line":168,"column":0},"end":{"line":168,"column":63}},"168":{"start":{"line":169,"column":0},"end":{"line":169,"column":105}},"169":{"start":{"line":170,"column":0},"end":{"line":170,"column":57}},"171":{"start":{"line":172,"column":0},"end":{"line":172,"column":27}},"172":{"start":{"line":173,"column":0},"end":{"line":173,"column":38}},"173":{"start":{"line":174,"column":0},"end":{"line":174,"column":44}},"174":{"start":{"line":175,"column":0},"end":{"line":175,"column":24}},"175":{"start":{"line":176,"column":0},"end":{"line":176,"column":7}},"178":{"start":{"line":179,"column":0},"end":{"line":179,"column":53}},"179":{"start":{"line":180,"column":0},"end":{"line":180,"column":33}},"180":{"start":{"line":181,"column":0},"end":{"line":181,"column":5}},"182":{"start":{"line":183,"column":0},"end":{"line":183,"column":59}},"183":{"start":{"line":184,"column":0},"end":{"line":184,"column":42}},"184":{"start":{"line":185,"column":0},"end":{"line":185,"column":57}},"186":{"start":{"line":187,"column":0},"end":{"line":187,"column":102}},"187":{"start":{"line":188,"column":0},"end":{"line":188,"column":64}},"188":{"start":{"line":189,"column":0},"end":{"line":189,"column":70}},"189":{"start":{"line":190,"column":0},"end":{"line":190,"column":5}},"191":{"start":{"line":192,"column":0},"end":{"line":192,"column":65}},"192":{"start":{"line":193,"column":0},"end":{"line":193,"column":78}},"193":{"start":{"line":194,"column":0},"end":{"line":194,"column":57}},"195":{"start":{"line":196,"column":0},"end":{"line":196,"column":102}},"196":{"start":{"line":197,"column":0},"end":{"line":197,"column":81}},"197":{"start":{"line":198,"column":0},"end":{"line":198,"column":5}},"201":{"start":{"line":202,"column":0},"end":{"line":202,"column":53}},"202":{"start":{"line":203,"column":0},"end":{"line":203,"column":102}},"204":{"start":{"line":205,"column":0},"end":{"line":205,"column":35}},"205":{"start":{"line":206,"column":0},"end":{"line":206,"column":36}},"208":{"start":{"line":209,"column":0},"end":{"line":209,"column":65}},"209":{"start":{"line":210,"column":0},"end":{"line":210,"column":60}},"211":{"start":{"line":212,"column":0},"end":{"line":212,"column":64}},"212":{"start":{"line":213,"column":0},"end":{"line":213,"column":5}},"214":{"start":{"line":215,"column":0},"end":{"line":215,"column":57}},"215":{"start":{"line":216,"column":0},"end":{"line":216,"column":102}},"216":{"start":{"line":217,"column":0},"end":{"line":217,"column":51}},"218":{"start":{"line":219,"column":0},"end":{"line":219,"column":37}},"219":{"start":{"line":220,"column":0},"end":{"line":220,"column":45}},"220":{"start":{"line":221,"column":0},"end":{"line":221,"column":43}},"221":{"start":{"line":222,"column":0},"end":{"line":222,"column":41}},"222":{"start":{"line":223,"column":0},"end":{"line":223,"column":38}},"223":{"start":{"line":224,"column":0},"end":{"line":224,"column":42}},"224":{"start":{"line":225,"column":0},"end":{"line":225,"column":5}},"228":{"start":{"line":229,"column":0},"end":{"line":229,"column":60}},"229":{"start":{"line":230,"column":0},"end":{"line":230,"column":102}},"231":{"start":{"line":232,"column":0},"end":{"line":232,"column":35}},"232":{"start":{"line":233,"column":0},"end":{"line":233,"column":22}},"233":{"start":{"line":234,"column":0},"end":{"line":234,"column":32}},"236":{"start":{"line":237,"column":0},"end":{"line":237,"column":65}},"237":{"start":{"line":238,"column":0},"end":{"line":238,"column":60}},"238":{"start":{"line":239,"column":0},"end":{"line":239,"column":63}},"239":{"start":{"line":240,"column":0},"end":{"line":240,"column":5}},"243":{"start":{"line":244,"column":0},"end":{"line":244,"column":54}},"244":{"start":{"line":245,"column":0},"end":{"line":245,"column":102}},"245":{"start":{"line":246,"column":0},"end":{"line":246,"column":43}},"246":{"start":{"line":247,"column":0},"end":{"line":247,"column":53}},"247":{"start":{"line":248,"column":0},"end":{"line":248,"column":50}},"248":{"start":{"line":249,"column":0},"end":{"line":249,"column":5}},"250":{"start":{"line":251,"column":0},"end":{"line":251,"column":53}},"251":{"start":{"line":252,"column":0},"end":{"line":252,"column":102}},"252":{"start":{"line":253,"column":0},"end":{"line":253,"column":41}},"253":{"start":{"line":254,"column":0},"end":{"line":254,"column":48}},"254":{"start":{"line":255,"column":0},"end":{"line":255,"column":5}},"256":{"start":{"line":257,"column":0},"end":{"line":257,"column":51}},"257":{"start":{"line":258,"column":0},"end":{"line":258,"column":102}},"258":{"start":{"line":259,"column":0},"end":{"line":259,"column":37}},"259":{"start":{"line":260,"column":0},"end":{"line":260,"column":64}},"260":{"start":{"line":261,"column":0},"end":{"line":261,"column":5}},"262":{"start":{"line":263,"column":0},"end":{"line":263,"column":52}},"263":{"start":{"line":264,"column":0},"end":{"line":264,"column":102}},"264":{"start":{"line":265,"column":0},"end":{"line":265,"column":40}},"265":{"start":{"line":266,"column":0},"end":{"line":266,"column":38}},"266":{"start":{"line":267,"column":0},"end":{"line":267,"column":64}},"267":{"start":{"line":268,"column":0},"end":{"line":268,"column":5}},"271":{"start":{"line":272,"column":0},"end":{"line":272,"column":57}},"272":{"start":{"line":273,"column":0},"end":{"line":273,"column":27}},"273":{"start":{"line":274,"column":0},"end":{"line":274,"column":38}},"274":{"start":{"line":275,"column":0},"end":{"line":275,"column":44}},"275":{"start":{"line":276,"column":0},"end":{"line":276,"column":7}},"278":{"start":{"line":279,"column":0},"end":{"line":279,"column":38}},"279":{"start":{"line":280,"column":0},"end":{"line":280,"column":77}},"282":{"start":{"line":283,"column":0},"end":{"line":283,"column":39}},"283":{"start":{"line":284,"column":0},"end":{"line":284,"column":83}},"286":{"start":{"line":287,"column":0},"end":{"line":287,"column":23}},"287":{"start":{"line":288,"column":0},"end":{"line":288,"column":41}},"288":{"start":{"line":289,"column":0},"end":{"line":289,"column":87}},"289":{"start":{"line":290,"column":0},"end":{"line":290,"column":5}},"293":{"start":{"line":294,"column":0},"end":{"line":294,"column":47}},"294":{"start":{"line":295,"column":0},"end":{"line":295,"column":102}},"295":{"start":{"line":296,"column":0},"end":{"line":296,"column":35}},"296":{"start":{"line":297,"column":0},"end":{"line":297,"column":21}},"297":{"start":{"line":298,"column":0},"end":{"line":298,"column":44}},"298":{"start":{"line":299,"column":0},"end":{"line":299,"column":5}},"300":{"start":{"line":301,"column":0},"end":{"line":301,"column":55}},"301":{"start":{"line":302,"column":0},"end":{"line":302,"column":102}},"302":{"start":{"line":303,"column":0},"end":{"line":303,"column":41}},"303":{"start":{"line":304,"column":0},"end":{"line":304,"column":48}},"304":{"start":{"line":305,"column":0},"end":{"line":305,"column":5}},"308":{"start":{"line":309,"column":0},"end":{"line":309,"column":55}},"309":{"start":{"line":310,"column":0},"end":{"line":310,"column":91}},"311":{"start":{"line":312,"column":0},"end":{"line":312,"column":54}},"312":{"start":{"line":313,"column":0},"end":{"line":313,"column":58}},"313":{"start":{"line":314,"column":0},"end":{"line":314,"column":5}},"315":{"start":{"line":316,"column":0},"end":{"line":316,"column":53}},"316":{"start":{"line":317,"column":0},"end":{"line":317,"column":102}},"317":{"start":{"line":318,"column":0},"end":{"line":318,"column":35}},"318":{"start":{"line":319,"column":0},"end":{"line":319,"column":50}},"319":{"start":{"line":320,"column":0},"end":{"line":320,"column":54}},"320":{"start":{"line":321,"column":0},"end":{"line":321,"column":5}},"322":{"start":{"line":323,"column":0},"end":{"line":323,"column":67}},"323":{"start":{"line":324,"column":0},"end":{"line":324,"column":102}},"324":{"start":{"line":325,"column":0},"end":{"line":325,"column":28}},"325":{"start":{"line":326,"column":0},"end":{"line":326,"column":29}},"326":{"start":{"line":327,"column":0},"end":{"line":327,"column":56}},"327":{"start":{"line":328,"column":0},"end":{"line":328,"column":60}},"328":{"start":{"line":329,"column":0},"end":{"line":329,"column":5}},"332":{"start":{"line":333,"column":0},"end":{"line":333,"column":61}},"333":{"start":{"line":334,"column":0},"end":{"line":334,"column":27}},"334":{"start":{"line":335,"column":0},"end":{"line":335,"column":38}},"335":{"start":{"line":336,"column":0},"end":{"line":336,"column":44}},"336":{"start":{"line":337,"column":0},"end":{"line":337,"column":29}},"337":{"start":{"line":338,"column":0},"end":{"line":338,"column":7}},"339":{"start":{"line":340,"column":0},"end":{"line":340,"column":28}},"340":{"start":{"line":341,"column":0},"end":{"line":341,"column":29}},"345":{"start":{"line":346,"column":0},"end":{"line":346,"column":61}},"346":{"start":{"line":347,"column":0},"end":{"line":347,"column":33}},"347":{"start":{"line":348,"column":0},"end":{"line":348,"column":5}},"351":{"start":{"line":352,"column":0},"end":{"line":352,"column":48}},"352":{"start":{"line":353,"column":0},"end":{"line":353,"column":102}},"353":{"start":{"line":354,"column":0},"end":{"line":354,"column":42}},"355":{"start":{"line":356,"column":0},"end":{"line":356,"column":47}},"356":{"start":{"line":357,"column":0},"end":{"line":357,"column":5}},"358":{"start":{"line":359,"column":0},"end":{"line":359,"column":52}},"359":{"start":{"line":360,"column":0},"end":{"line":360,"column":27}},"360":{"start":{"line":361,"column":0},"end":{"line":361,"column":38}},"361":{"start":{"line":362,"column":0},"end":{"line":362,"column":44}},"362":{"start":{"line":363,"column":0},"end":{"line":363,"column":26}},"363":{"start":{"line":364,"column":0},"end":{"line":364,"column":7}},"364":{"start":{"line":365,"column":0},"end":{"line":365,"column":27}},"365":{"start":{"line":366,"column":0},"end":{"line":366,"column":81}},"366":{"start":{"line":367,"column":0},"end":{"line":367,"column":5}},"367":{"start":{"line":368,"column":0},"end":{"line":368,"column":3}}},"s":{"0":1,"14":1,"15":1,"17":36,"18":36,"19":36,"20":36,"21":36,"22":36,"23":36,"24":36,"25":36,"26":36,"27":36,"29":30,"30":30,"31":30,"32":30,"33":30,"34":30,"35":30,"36":30,"37":30,"38":30,"39":30,"40":30,"41":30,"42":30,"43":30,"44":30,"45":30,"47":1,"48":1,"49":1,"51":1,"52":30,"53":30,"54":30,"55":30,"56":30,"57":1,"61":1,"62":1,"63":1,"64":1,"68":1,"69":1,"70":1,"72":1,"73":1,"74":1,"75":1,"76":1,"77":1,"78":1,"80":1,"81":1,"82":1,"85":1,"86":1,"88":1,"89":1,"90":1,"91":1,"92":1,"93":1,"94":1,"95":1,"96":1,"98":1,"99":1,"100":1,"102":1,"103":1,"104":1,"105":1,"106":1,"108":1,"109":1,"110":1,"112":1,"113":1,"114":1,"115":1,"116":1,"118":1,"119":1,"120":1,"121":1,"122":1,"123":1,"124":1,"126":1,"127":1,"128":1,"129":1,"130":1,"131":1,"133":1,"134":1,"135":1,"136":1,"137":1,"139":1,"140":1,"141":1,"143":1,"144":1,"146":1,"147":1,"149":1,"150":1,"151":1,"153":1,"154":1,"155":1,"156":1,"157":1,"159":1,"160":1,"161":1,"163":1,"164":1,"165":1,"167":1,"168":1,"169":1,"171":1,"172":1,"173":1,"174":1,"175":1,"178":1,"179":1,"180":1,"182":1,"183":1,"184":1,"186":1,"187":1,"188":1,"189":1,"191":1,"192":1,"193":1,"195":1,"196":1,"197":1,"201":1,"202":1,"204":1,"205":1,"208":1,"209":1,"211":1,"212":1,"214":1,"215":1,"216":1,"218":1,"219":1,"220":1,"221":1,"222":1,"223":1,"224":1,"228":1,"229":1,"231":1,"232":1,"233":1,"236":1,"237":1,"238":1,"239":1,"243":1,"244":1,"245":1,"246":1,"247":1,"248":1,"250":1,"251":1,"252":1,"253":1,"254":1,"256":1,"257":1,"258":1,"259":1,"260":1,"262":1,"263":1,"264":1,"265":1,"266":1,"267":1,"271":1,"272":1,"273":1,"274":1,"275":1,"278":1,"279":1,"282":1,"283":1,"286":1,"287":1,"288":1,"289":1,"293":1,"294":1,"295":1,"296":1,"297":1,"298":1,"300":1,"301":1,"302":1,"303":1,"304":1,"308":1,"309":1,"311":1,"312":1,"313":1,"315":1,"316":1,"317":1,"318":1,"319":1,"320":1,"322":1,"323":1,"324":1,"325":1,"326":1,"327":1,"328":1,"332":1,"333":1,"334":1,"335":1,"336":1,"337":1,"339":1,"340":1,"345":1,"346":1,"347":1,"351":1,"352":1,"353":1,"355":1,"356":1,"358":1,"359":1,"360":1,"361":1,"362":1,"363":1,"364":1,"365":1,"366":1,"367":1},"branchMap":{"0":{"type":"branch","line":18,"loc":{"start":{"line":18,"column":0},"end":{"line":28,"column":1}},"locations":[{"start":{"line":18,"column":0},"end":{"line":28,"column":1}}]},"1":{"type":"branch","line":22,"loc":{"start":{"line":22,"column":15},"end":{"line":22,"column":119}},"locations":[{"start":{"line":22,"column":15},"end":{"line":22,"column":119}}]},"2":{"type":"branch","line":30,"loc":{"start":{"line":30,"column":0},"end":{"line":46,"column":1}},"locations":[{"start":{"line":30,"column":0},"end":{"line":46,"column":1}}]},"3":{"type":"branch","line":48,"loc":{"start":{"line":48,"column":19},"end":{"line":368,"column":3}},"locations":[{"start":{"line":48,"column":19},"end":{"line":368,"column":3}}]},"4":{"type":"branch","line":52,"loc":{"start":{"line":52,"column":13},"end":{"line":58,"column":3}},"locations":[{"start":{"line":52,"column":13},"end":{"line":58,"column":3}}]},"5":{"type":"branch","line":62,"loc":{"start":{"line":62,"column":46},"end":{"line":65,"column":3}},"locations":[{"start":{"line":62,"column":46},"end":{"line":65,"column":3}}]},"6":{"type":"branch","line":69,"loc":{"start":{"line":69,"column":40},"end":{"line":79,"column":3}},"locations":[{"start":{"line":69,"column":40},"end":{"line":79,"column":3}}]},"7":{"type":"branch","line":81,"loc":{"start":{"line":81,"column":38},"end":{"line":87,"column":3}},"locations":[{"start":{"line":81,"column":38},"end":{"line":87,"column":3}}]},"8":{"type":"branch","line":89,"loc":{"start":{"line":89,"column":34},"end":{"line":97,"column":3}},"locations":[{"start":{"line":89,"column":34},"end":{"line":97,"column":3}}]},"9":{"type":"branch","line":99,"loc":{"start":{"line":99,"column":48},"end":{"line":107,"column":3}},"locations":[{"start":{"line":99,"column":48},"end":{"line":107,"column":3}}]},"10":{"type":"branch","line":109,"loc":{"start":{"line":109,"column":42},"end":{"line":117,"column":3}},"locations":[{"start":{"line":109,"column":42},"end":{"line":117,"column":3}}]},"11":{"type":"branch","line":119,"loc":{"start":{"line":119,"column":50},"end":{"line":132,"column":3}},"locations":[{"start":{"line":119,"column":50},"end":{"line":132,"column":3}}]},"12":{"type":"branch","line":134,"loc":{"start":{"line":134,"column":53},"end":{"line":138,"column":3}},"locations":[{"start":{"line":134,"column":53},"end":{"line":138,"column":3}}]},"13":{"type":"branch","line":140,"loc":{"start":{"line":140,"column":45},"end":{"line":148,"column":3}},"locations":[{"start":{"line":140,"column":45},"end":{"line":148,"column":3}}]},"14":{"type":"branch","line":150,"loc":{"start":{"line":150,"column":52},"end":{"line":158,"column":3}},"locations":[{"start":{"line":150,"column":52},"end":{"line":158,"column":3}}]},"15":{"type":"branch","line":160,"loc":{"start":{"line":160,"column":53},"end":{"line":166,"column":3}},"locations":[{"start":{"line":160,"column":53},"end":{"line":166,"column":3}}]},"16":{"type":"branch","line":168,"loc":{"start":{"line":168,"column":50},"end":{"line":181,"column":3}},"locations":[{"start":{"line":168,"column":50},"end":{"line":181,"column":3}}]},"17":{"type":"branch","line":183,"loc":{"start":{"line":183,"column":46},"end":{"line":190,"column":3}},"locations":[{"start":{"line":183,"column":46},"end":{"line":190,"column":3}}]},"18":{"type":"branch","line":192,"loc":{"start":{"line":192,"column":52},"end":{"line":198,"column":3}},"locations":[{"start":{"line":192,"column":52},"end":{"line":198,"column":3}}]},"19":{"type":"branch","line":202,"loc":{"start":{"line":202,"column":40},"end":{"line":213,"column":3}},"locations":[{"start":{"line":202,"column":40},"end":{"line":213,"column":3}}]},"20":{"type":"branch","line":215,"loc":{"start":{"line":215,"column":44},"end":{"line":225,"column":3}},"locations":[{"start":{"line":215,"column":44},"end":{"line":225,"column":3}}]},"21":{"type":"branch","line":229,"loc":{"start":{"line":229,"column":47},"end":{"line":240,"column":3}},"locations":[{"start":{"line":229,"column":47},"end":{"line":240,"column":3}}]},"22":{"type":"branch","line":244,"loc":{"start":{"line":244,"column":41},"end":{"line":249,"column":3}},"locations":[{"start":{"line":244,"column":41},"end":{"line":249,"column":3}}]},"23":{"type":"branch","line":251,"loc":{"start":{"line":251,"column":40},"end":{"line":255,"column":3}},"locations":[{"start":{"line":251,"column":40},"end":{"line":255,"column":3}}]},"24":{"type":"branch","line":257,"loc":{"start":{"line":257,"column":38},"end":{"line":261,"column":3}},"locations":[{"start":{"line":257,"column":38},"end":{"line":261,"column":3}}]},"25":{"type":"branch","line":263,"loc":{"start":{"line":263,"column":39},"end":{"line":268,"column":3}},"locations":[{"start":{"line":263,"column":39},"end":{"line":268,"column":3}}]},"26":{"type":"branch","line":272,"loc":{"start":{"line":272,"column":44},"end":{"line":290,"column":3}},"locations":[{"start":{"line":272,"column":44},"end":{"line":290,"column":3}}]},"27":{"type":"branch","line":294,"loc":{"start":{"line":294,"column":34},"end":{"line":299,"column":3}},"locations":[{"start":{"line":294,"column":34},"end":{"line":299,"column":3}}]},"28":{"type":"branch","line":301,"loc":{"start":{"line":301,"column":42},"end":{"line":305,"column":3}},"locations":[{"start":{"line":301,"column":42},"end":{"line":305,"column":3}}]},"29":{"type":"branch","line":309,"loc":{"start":{"line":309,"column":42},"end":{"line":314,"column":3}},"locations":[{"start":{"line":309,"column":42},"end":{"line":314,"column":3}}]},"30":{"type":"branch","line":316,"loc":{"start":{"line":316,"column":40},"end":{"line":321,"column":3}},"locations":[{"start":{"line":316,"column":40},"end":{"line":321,"column":3}}]},"31":{"type":"branch","line":323,"loc":{"start":{"line":323,"column":54},"end":{"line":329,"column":3}},"locations":[{"start":{"line":323,"column":54},"end":{"line":329,"column":3}}]},"32":{"type":"branch","line":333,"loc":{"start":{"line":333,"column":48},"end":{"line":348,"column":3}},"locations":[{"start":{"line":333,"column":48},"end":{"line":348,"column":3}}]},"33":{"type":"branch","line":352,"loc":{"start":{"line":352,"column":35},"end":{"line":357,"column":3}},"locations":[{"start":{"line":352,"column":35},"end":{"line":357,"column":3}}]},"34":{"type":"branch","line":359,"loc":{"start":{"line":359,"column":39},"end":{"line":367,"column":3}},"locations":[{"start":{"line":359,"column":39},"end":{"line":367,"column":3}}]}},"b":{"0":[36],"1":[30],"2":[30],"3":[1],"4":[30],"5":[1],"6":[1],"7":[1],"8":[1],"9":[1],"10":[1],"11":[1],"12":[1],"13":[1],"14":[1],"15":[1],"16":[1],"17":[1],"18":[1],"19":[1],"20":[1],"21":[1],"22":[1],"23":[1],"24":[1],"25":[1],"26":[1],"27":[1],"28":[1],"29":[1],"30":[1],"31":[1],"32":[1],"33":[1],"34":[1]},"fnMap":{"0":{"name":"createMockLLM","decl":{"start":{"line":18,"column":0},"end":{"line":28,"column":1}},"loc":{"start":{"line":18,"column":0},"end":{"line":28,"column":1}},"line":18},"1":{"name":"createMockDB","decl":{"start":{"line":30,"column":0},"end":{"line":46,"column":1}},"loc":{"start":{"line":30,"column":0},"end":{"line":46,"column":1}},"line":30}},"f":{"0":36,"1":30}}
,"/Users/alvarotech/dev/chatdb/packages/chatdb-sdk/src/__tests__/cli-config.test.ts": {"path":"/Users/alvarotech/dev/chatdb/packages/chatdb-sdk/src/__tests__/cli-config.test.ts","all":false,"statementMap":{"0":{"start":{"line":1,"column":0},"end":{"line":1,"column":73}},"3":{"start":{"line":4,"column":0},"end":{"line":4,"column":39}},"4":{"start":{"line":5,"column":0},"end":{"line":5,"column":70}},"5":{"start":{"line":6,"column":0},"end":{"line":6,"column":41}},"6":{"start":{"line":7,"column":0},"end":{"line":7,"column":11}},"8":{"start":{"line":9,"column":0},"end":{"line":9,"column":18}},"10":{"start":{"line":11,"column":0},"end":{"line":11,"column":47}},"11":{"start":{"line":12,"column":0},"end":{"line":12,"column":8}},"12":{"start":{"line":13,"column":0},"end":{"line":13,"column":34}},"13":{"start":{"line":14,"column":0},"end":{"line":14,"column":31}},"14":{"start":{"line":15,"column":0},"end":{"line":15,"column":33}},"15":{"start":{"line":16,"column":0},"end":{"line":16,"column":36}},"16":{"start":{"line":17,"column":0},"end":{"line":17,"column":29}},"17":{"start":{"line":18,"column":0},"end":{"line":18,"column":28}},"18":{"start":{"line":19,"column":0},"end":{"line":19,"column":7}},"19":{"start":{"line":20,"column":0},"end":{"line":20,"column":30}},"20":{"start":{"line":21,"column":0},"end":{"line":21,"column":5}},"21":{"start":{"line":22,"column":0},"end":{"line":22,"column":3}},"22":{"start":{"line":23,"column":0},"end":{"line":23,"column":23}},"23":{"start":{"line":24,"column":0},"end":{"line":24,"column":3}},"25":{"start":{"line":26,"column":0},"end":{"line":26,"column":17}},"26":{"start":{"line":27,"column":0},"end":{"line":27,"column":35}},"27":{"start":{"line":28,"column":0},"end":{"line":28,"column":3}},"30":{"start":{"line":31,"column":0},"end":{"line":31,"column":29}},"32":{"start":{"line":33,"column":0},"end":{"line":33,"column":47}},"33":{"start":{"line":34,"column":0},"end":{"line":34,"column":27}},"34":{"start":{"line":35,"column":0},"end":{"line":35,"column":1}},"36":{"start":{"line":37,"column":0},"end":{"line":37,"column":33}},"37":{"start":{"line":38,"column":0},"end":{"line":38,"column":52}},"38":{"start":{"line":39,"column":0},"end":{"line":39,"column":45}},"39":{"start":{"line":40,"column":0},"end":{"line":40,"column":34}},"40":{"start":{"line":41,"column":0},"end":{"line":41,"column":46}},"41":{"start":{"line":42,"column":0},"end":{"line":42,"column":30}},"42":{"start":{"line":43,"column":0},"end":{"line":43,"column":22}},"43":{"start":{"line":44,"column":0},"end":{"line":44,"column":26}},"44":{"start":{"line":45,"column":0},"end":{"line":45,"column":7}},"46":{"start":{"line":47,"column":0},"end":{"line":47,"column":64}},"47":{"start":{"line":48,"column":0},"end":{"line":48,"column":31}},"48":{"start":{"line":49,"column":0},"end":{"line":49,"column":73}},"49":{"start":{"line":50,"column":0},"end":{"line":50,"column":6}},"50":{"start":{"line":51,"column":0},"end":{"line":51,"column":44}},"51":{"start":{"line":52,"column":0},"end":{"line":52,"column":5}},"53":{"start":{"line":54,"column":0},"end":{"line":54,"column":72}},"54":{"start":{"line":55,"column":0},"end":{"line":55,"column":64}},"55":{"start":{"line":56,"column":0},"end":{"line":56,"column":45}},"56":{"start":{"line":57,"column":0},"end":{"line":57,"column":59}},"57":{"start":{"line":58,"column":0},"end":{"line":58,"column":60}},"58":{"start":{"line":59,"column":0},"end":{"line":59,"column":5}},"60":{"start":{"line":61,"column":0},"end":{"line":61,"column":56}},"61":{"start":{"line":62,"column":0},"end":{"line":62,"column":60}},"62":{"start":{"line":63,"column":0},"end":{"line":63,"column":45}},"63":{"start":{"line":64,"column":0},"end":{"line":64,"column":59}},"64":{"start":{"line":65,"column":0},"end":{"line":65,"column":63}},"65":{"start":{"line":66,"column":0},"end":{"line":66,"column":5}},"67":{"start":{"line":68,"column":0},"end":{"line":68,"column":67}},"68":{"start":{"line":69,"column":0},"end":{"line":69,"column":66}},"69":{"start":{"line":70,"column":0},"end":{"line":70,"column":60}},"70":{"start":{"line":71,"column":0},"end":{"line":71,"column":45}},"71":{"start":{"line":72,"column":0},"end":{"line":72,"column":59}},"72":{"start":{"line":73,"column":0},"end":{"line":73,"column":62}},"73":{"start":{"line":74,"column":0},"end":{"line":74,"column":5}},"75":{"start":{"line":76,"column":0},"end":{"line":76,"column":61}},"76":{"start":{"line":77,"column":0},"end":{"line":77,"column":55}},"77":{"start":{"line":78,"column":0},"end":{"line":78,"column":45}},"78":{"start":{"line":79,"column":0},"end":{"line":79,"column":34}},"79":{"start":{"line":80,"column":0},"end":{"line":80,"column":41}},"80":{"start":{"line":81,"column":0},"end":{"line":81,"column":27}},"81":{"start":{"line":82,"column":0},"end":{"line":82,"column":7}},"82":{"start":{"line":83,"column":0},"end":{"line":83,"column":59}},"83":{"start":{"line":84,"column":0},"end":{"line":84,"column":5}},"85":{"start":{"line":86,"column":0},"end":{"line":86,"column":55}},"86":{"start":{"line":87,"column":0},"end":{"line":87,"column":45}},"87":{"start":{"line":88,"column":0},"end":{"line":88,"column":89}},"88":{"start":{"line":89,"column":0},"end":{"line":89,"column":45}},"89":{"start":{"line":90,"column":0},"end":{"line":90,"column":5}},"91":{"start":{"line":92,"column":0},"end":{"line":92,"column":61}},"92":{"start":{"line":93,"column":0},"end":{"line":93,"column":51}},"93":{"start":{"line":94,"column":0},"end":{"line":94,"column":45}},"94":{"start":{"line":95,"column":0},"end":{"line":95,"column":70}},"95":{"start":{"line":96,"column":0},"end":{"line":96,"column":59}},"96":{"start":{"line":97,"column":0},"end":{"line":97,"column":5}},"98":{"start":{"line":99,"column":0},"end":{"line":99,"column":50}},"99":{"start":{"line":100,"column":0},"end":{"line":100,"column":49}},"100":{"start":{"line":101,"column":0},"end":{"line":101,"column":45}},"101":{"start":{"line":102,"column":0},"end":{"line":102,"column":70}},"102":{"start":{"line":103,"column":0},"end":{"line":103,"column":61}},"103":{"start":{"line":104,"column":0},"end":{"line":104,"column":5}},"105":{"start":{"line":106,"column":0},"end":{"line":106,"column":53}},"106":{"start":{"line":107,"column":0},"end":{"line":107,"column":49}},"107":{"start":{"line":108,"column":0},"end":{"line":108,"column":45}},"108":{"start":{"line":109,"column":0},"end":{"line":109,"column":70}},"109":{"start":{"line":110,"column":0},"end":{"line":110,"column":58}},"110":{"start":{"line":111,"column":0},"end":{"line":111,"column":5}},"112":{"start":{"line":113,"column":0},"end":{"line":113,"column":58}},"113":{"start":{"line":114,"column":0},"end":{"line":114,"column":56}},"114":{"start":{"line":115,"column":0},"end":{"line":115,"column":45}},"115":{"start":{"line":116,"column":0},"end":{"line":116,"column":70}},"116":{"start":{"line":117,"column":0},"end":{"line":117,"column":65}},"117":{"start":{"line":118,"column":0},"end":{"line":118,"column":67}},"118":{"start":{"line":119,"column":0},"end":{"line":119,"column":5}},"120":{"start":{"line":121,"column":0},"end":{"line":121,"column":46}},"121":{"start":{"line":122,"column":0},"end":{"line":122,"column":51}},"122":{"start":{"line":123,"column":0},"end":{"line":123,"column":45}},"123":{"start":{"line":124,"column":0},"end":{"line":124,"column":70}},"124":{"start":{"line":125,"column":0},"end":{"line":125,"column":64}},"125":{"start":{"line":126,"column":0},"end":{"line":126,"column":5}},"127":{"start":{"line":128,"column":0},"end":{"line":128,"column":58}},"128":{"start":{"line":129,"column":0},"end":{"line":129,"column":46}},"129":{"start":{"line":130,"column":0},"end":{"line":130,"column":57}},"130":{"start":{"line":131,"column":0},"end":{"line":131,"column":45}},"131":{"start":{"line":132,"column":0},"end":{"line":132,"column":70}},"132":{"start":{"line":133,"column":0},"end":{"line":133,"column":55}},"133":{"start":{"line":134,"column":0},"end":{"line":134,"column":5}},"135":{"start":{"line":136,"column":0},"end":{"line":136,"column":48}},"136":{"start":{"line":137,"column":0},"end":{"line":137,"column":46}},"137":{"start":{"line":138,"column":0},"end":{"line":138,"column":54}},"138":{"start":{"line":139,"column":0},"end":{"line":139,"column":45}},"139":{"start":{"line":140,"column":0},"end":{"line":140,"column":70}},"140":{"start":{"line":141,"column":0},"end":{"line":141,"column":59}},"141":{"start":{"line":142,"column":0},"end":{"line":142,"column":5}},"143":{"start":{"line":144,"column":0},"end":{"line":144,"column":53}},"144":{"start":{"line":145,"column":0},"end":{"line":145,"column":45}},"145":{"start":{"line":146,"column":0},"end":{"line":146,"column":100}},"146":{"start":{"line":147,"column":0},"end":{"line":147,"column":45}},"147":{"start":{"line":148,"column":0},"end":{"line":148,"column":5}},"149":{"start":{"line":150,"column":0},"end":{"line":150,"column":63}},"150":{"start":{"line":151,"column":0},"end":{"line":151,"column":45}},"151":{"start":{"line":152,"column":0},"end":{"line":152,"column":34}},"152":{"start":{"line":153,"column":0},"end":{"line":153,"column":38}},"153":{"start":{"line":154,"column":0},"end":{"line":154,"column":27}},"154":{"start":{"line":155,"column":0},"end":{"line":155,"column":35}},"155":{"start":{"line":156,"column":0},"end":{"line":156,"column":7}},"157":{"start":{"line":158,"column":0},"end":{"line":158,"column":55}},"158":{"start":{"line":159,"column":0},"end":{"line":159,"column":5}},"160":{"start":{"line":161,"column":0},"end":{"line":161,"column":40}},"161":{"start":{"line":162,"column":0},"end":{"line":162,"column":45}},"162":{"start":{"line":163,"column":0},"end":{"line":163,"column":34}},"163":{"start":{"line":164,"column":0},"end":{"line":164,"column":38}},"164":{"start":{"line":165,"column":0},"end":{"line":165,"column":27}},"165":{"start":{"line":166,"column":0},"end":{"line":166,"column":7}},"166":{"start":{"line":167,"column":0},"end":{"line":167,"column":36}},"167":{"start":{"line":168,"column":0},"end":{"line":168,"column":5}},"169":{"start":{"line":170,"column":0},"end":{"line":170,"column":50}},"170":{"start":{"line":171,"column":0},"end":{"line":171,"column":45}},"171":{"start":{"line":172,"column":0},"end":{"line":172,"column":34}},"172":{"start":{"line":173,"column":0},"end":{"line":173,"column":38}},"173":{"start":{"line":174,"column":0},"end":{"line":174,"column":27}},"174":{"start":{"line":175,"column":0},"end":{"line":175,"column":28}},"175":{"start":{"line":176,"column":0},"end":{"line":176,"column":7}},"176":{"start":{"line":177,"column":0},"end":{"line":177,"column":59}},"177":{"start":{"line":178,"column":0},"end":{"line":178,"column":5}},"178":{"start":{"line":179,"column":0},"end":{"line":179,"column":3}}},"s":{"0":1,"3":1,"4":1,"5":2,"6":2,"8":1,"10":17,"11":1479,"12":1479,"13":1479,"14":1479,"15":1479,"16":1479,"17":1479,"18":1479,"19":0,"20":0,"21":1479,"22":17,"23":17,"25":1,"26":17,"27":17,"30":17,"32":17,"33":17,"34":17,"36":1,"37":1,"38":1,"39":1,"40":1,"41":1,"42":1,"43":1,"44":1,"46":1,"47":1,"48":1,"49":1,"50":1,"51":1,"53":1,"54":1,"55":1,"56":1,"57":1,"58":1,"60":1,"61":1,"62":1,"63":1,"64":1,"65":1,"67":1,"68":1,"69":1,"70":1,"71":1,"72":1,"73":1,"75":1,"76":1,"77":1,"78":1,"79":1,"80":1,"81":1,"82":1,"83":1,"85":1,"86":1,"87":1,"88":1,"89":1,"91":1,"92":1,"93":1,"94":1,"95":1,"96":1,"98":1,"99":1,"100":1,"101":1,"102":1,"103":1,"105":1,"106":1,"107":1,"108":1,"109":1,"110":1,"112":1,"113":1,"114":1,"115":1,"116":1,"117":1,"118":1,"120":1,"121":1,"122":1,"123":1,"124":1,"125":1,"127":1,"128":1,"129":1,"130":1,"131":1,"132":1,"133":1,"135":1,"136":1,"137":1,"138":1,"139":1,"140":1,"141":1,"143":1,"144":1,"145":1,"146":1,"147":1,"149":1,"150":1,"151":1,"152":1,"153":1,"154":1,"155":1,"157":1,"158":1,"160":1,"161":1,"162":1,"163":1,"164":1,"165":1,"166":1,"167":1,"169":1,"170":1,"171":1,"172":1,"173":1,"174":1,"175":1,"176":1,"177":1,"178":1},"branchMap":{"0":{"type":"branch","line":5,"loc":{"start":{"line":5,"column":63},"end":{"line":7,"column":11}},"locations":[{"start":{"line":5,"column":63},"end":{"line":7,"column":11}}]},"1":{"type":"branch","line":9,"loc":{"start":{"line":9,"column":11},"end":{"line":24,"column":3}},"locations":[{"start":{"line":9,"column":11},"end":{"line":24,"column":3}}]},"2":{"type":"branch","line":11,"loc":{"start":{"line":11,"column":46},"end":{"line":22,"column":3}},"locations":[{"start":{"line":11,"column":46},"end":{"line":22,"column":3}}]},"3":{"type":"branch","line":19,"loc":{"start":{"line":19,"column":6},"end":{"line":21,"column":5}},"locations":[{"start":{"line":19,"column":6},"end":{"line":21,"column":5}}]},"4":{"type":"branch","line":26,"loc":{"start":{"line":26,"column":10},"end":{"line":28,"column":3}},"locations":[{"start":{"line":26,"column":10},"end":{"line":28,"column":3}}]},"5":{"type":"branch","line":31,"loc":{"start":{"line":31,"column":0},"end":{"line":35,"column":1}},"locations":[{"start":{"line":31,"column":0},"end":{"line":35,"column":1}}]},"6":{"type":"branch","line":37,"loc":{"start":{"line":37,"column":26},"end":{"line":179,"column":3}},"locations":[{"start":{"line":37,"column":26},"end":{"line":179,"column":3}}]},"7":{"type":"branch","line":38,"loc":{"start":{"line":38,"column":39},"end":{"line":52,"column":3}},"locations":[{"start":{"line":38,"column":39},"end":{"line":52,"column":3}}]},"8":{"type":"branch","line":54,"loc":{"start":{"line":54,"column":59},"end":{"line":59,"column":3}},"locations":[{"start":{"line":54,"column":59},"end":{"line":59,"column":3}}]},"9":{"type":"branch","line":61,"loc":{"start":{"line":61,"column":43},"end":{"line":66,"column":3}},"locations":[{"start":{"line":61,"column":43},"end":{"line":66,"column":3}}]},"10":{"type":"branch","line":68,"loc":{"start":{"line":68,"column":54},"end":{"line":74,"column":3}},"locations":[{"start":{"line":68,"column":54},"end":{"line":74,"column":3}}]},"11":{"type":"branch","line":76,"loc":{"start":{"line":76,"column":48},"end":{"line":84,"column":3}},"locations":[{"start":{"line":76,"column":48},"end":{"line":84,"column":3}}]},"12":{"type":"branch","line":86,"loc":{"start":{"line":86,"column":42},"end":{"line":90,"column":3}},"locations":[{"start":{"line":86,"column":42},"end":{"line":90,"column":3}}]},"13":{"type":"branch","line":88,"loc":{"start":{"line":88,"column":11},"end":{"line":88,"column":56}},"locations":[{"start":{"line":88,"column":11},"end":{"line":88,"column":56}}]},"14":{"type":"branch","line":92,"loc":{"start":{"line":92,"column":48},"end":{"line":97,"column":3}},"locations":[{"start":{"line":92,"column":48},"end":{"line":97,"column":3}}]},"15":{"type":"branch","line":99,"loc":{"start":{"line":99,"column":37},"end":{"line":104,"column":3}},"locations":[{"start":{"line":99,"column":37},"end":{"line":104,"column":3}}]},"16":{"type":"branch","line":106,"loc":{"start":{"line":106,"column":40},"end":{"line":111,"column":3}},"locations":[{"start":{"line":106,"column":40},"end":{"line":111,"column":3}}]},"17":{"type":"branch","line":113,"loc":{"start":{"line":113,"column":45},"end":{"line":119,"column":3}},"locations":[{"start":{"line":113,"column":45},"end":{"line":119,"column":3}}]},"18":{"type":"branch","line":121,"loc":{"start":{"line":121,"column":33},"end":{"line":126,"column":3}},"locations":[{"start":{"line":121,"column":33},"end":{"line":126,"column":3}}]},"19":{"type":"branch","line":128,"loc":{"start":{"line":128,"column":45},"end":{"line":134,"column":3}},"locations":[{"start":{"line":128,"column":45},"end":{"line":134,"column":3}}]},"20":{"type":"branch","line":136,"loc":{"start":{"line":136,"column":35},"end":{"line":142,"column":3}},"locations":[{"start":{"line":136,"column":35},"end":{"line":142,"column":3}}]},"21":{"type":"branch","line":144,"loc":{"start":{"line":144,"column":40},"end":{"line":148,"column":3}},"locations":[{"start":{"line":144,"column":40},"end":{"line":148,"column":3}}]},"22":{"type":"branch","line":146,"loc":{"start":{"line":146,"column":11},"end":{"line":146,"column":67}},"locations":[{"start":{"line":146,"column":11},"end":{"line":146,"column":67}}]},"23":{"type":"branch","line":150,"loc":{"start":{"line":150,"column":50},"end":{"line":159,"column":3}},"locations":[{"start":{"line":150,"column":50},"end":{"line":159,"column":3}}]},"24":{"type":"branch","line":161,"loc":{"start":{"line":161,"column":27},"end":{"line":168,"column":3}},"locations":[{"start":{"line":161,"column":27},"end":{"line":168,"column":3}}]},"25":{"type":"branch","line":170,"loc":{"start":{"line":170,"column":37},"end":{"line":178,"column":3}},"locations":[{"start":{"line":170,"column":37},"end":{"line":178,"column":3}}]}},"b":{"0":[2],"1":[17],"2":[1479],"3":[0],"4":[17],"5":[17],"6":[1],"7":[1],"8":[1],"9":[1],"10":[1],"11":[1],"12":[1],"13":[1],"14":[1],"15":[1],"16":[1],"17":[1],"18":[1],"19":[1],"20":[1],"21":[1],"22":[1],"23":[1],"24":[1],"25":[1]},"fnMap":{"0":{"name":"loadConfig","decl":{"start":{"line":31,"column":0},"end":{"line":35,"column":1}},"loc":{"start":{"line":31,"column":0},"end":{"line":35,"column":1}},"line":31}},"f":{"0":17}}
,"/Users/alvarotech/dev/chatdb/packages/chatdb-sdk/src/__tests__/db-base.test.ts": {"path":"/Users/alvarotech/dev/chatdb/packages/chatdb-sdk/src/__tests__/db-base.test.ts","all":false,"statementMap":{"0":{"start":{"line":1,"column":0},"end":{"line":1,"column":46}},"1":{"start":{"line":2,"column":0},"end":{"line":2,"column":52}},"6":{"start":{"line":7,"column":0},"end":{"line":7,"column":47}},"7":{"start":{"line":8,"column":0},"end":{"line":8,"column":51}},"8":{"start":{"line":9,"column":0},"end":{"line":9,"column":36}},"9":{"start":{"line":10,"column":0},"end":{"line":10,"column":41}},"11":{"start":{"line":12,"column":0},"end":{"line":12,"column":43}},"12":{"start":{"line":13,"column":0},"end":{"line":13,"column":12}},"13":{"start":{"line":14,"column":0},"end":{"line":14,"column":31}},"14":{"start":{"line":15,"column":0},"end":{"line":15,"column":3}},"16":{"start":{"line":17,"column":0},"end":{"line":17,"column":44}},"17":{"start":{"line":18,"column":0},"end":{"line":18,"column":50}},"18":{"start":{"line":19,"column":0},"end":{"line":19,"column":3}},"19":{"start":{"line":20,"column":0},"end":{"line":20,"column":36}},"20":{"start":{"line":21,"column":0},"end":{"line":21,"column":14}},"21":{"start":{"line":22,"column":0},"end":{"line":22,"column":3}},"22":{"start":{"line":23,"column":0},"end":{"line":23,"column":50}},"23":{"start":{"line":24,"column":0},"end":{"line":24,"column":28}},"24":{"start":{"line":25,"column":0},"end":{"line":25,"column":3}},"25":{"start":{"line":26,"column":0},"end":{"line":26,"column":42}},"26":{"start":{"line":27,"column":0},"end":{"line":27,"column":22}},"27":{"start":{"line":28,"column":0},"end":{"line":28,"column":3}},"28":{"start":{"line":29,"column":0},"end":{"line":29,"column":41}},"29":{"start":{"line":30,"column":0},"end":{"line":30,"column":14}},"30":{"start":{"line":31,"column":0},"end":{"line":31,"column":3}},"31":{"start":{"line":32,"column":0},"end":{"line":32,"column":33}},"32":{"start":{"line":33,"column":0},"end":{"line":33,"column":1}},"34":{"start":{"line":35,"column":0},"end":{"line":35,"column":53}},"35":{"start":{"line":36,"column":0},"end":{"line":36,"column":52}},"36":{"start":{"line":37,"column":0},"end":{"line":37,"column":37}},"37":{"start":{"line":38,"column":0},"end":{"line":38,"column":67}},"38":{"start":{"line":39,"column":0},"end":{"line":39,"column":70}},"39":{"start":{"line":40,"column":0},"end":{"line":40,"column":71}},"40":{"start":{"line":41,"column":0},"end":{"line":41,"column":7}},"42":{"start":{"line":43,"column":0},"end":{"line":43,"column":47}},"43":{"start":{"line":44,"column":0},"end":{"line":44,"column":71}},"44":{"start":{"line":45,"column":0},"end":{"line":45,"column":5}},"46":{"start":{"line":47,"column":0},"end":{"line":47,"column":55}},"47":{"start":{"line":48,"column":0},"end":{"line":48,"column":37}},"48":{"start":{"line":49,"column":0},"end":{"line":49,"column":67}},"49":{"start":{"line":50,"column":0},"end":{"line":50,"column":70}},"50":{"start":{"line":51,"column":0},"end":{"line":51,"column":68}},"51":{"start":{"line":52,"column":0},"end":{"line":52,"column":72}},"52":{"start":{"line":53,"column":0},"end":{"line":53,"column":7}},"54":{"start":{"line":55,"column":0},"end":{"line":55,"column":47}},"55":{"start":{"line":56,"column":0},"end":{"line":56,"column":90}},"56":{"start":{"line":57,"column":0},"end":{"line":57,"column":5}},"58":{"start":{"line":59,"column":0},"end":{"line":59,"column":43}},"59":{"start":{"line":60,"column":0},"end":{"line":60,"column":40}},"60":{"start":{"line":61,"column":0},"end":{"line":61,"column":47}},"61":{"start":{"line":62,"column":0},"end":{"line":62,"column":26}},"62":{"start":{"line":63,"column":0},"end":{"line":63,"column":5}},"64":{"start":{"line":65,"column":0},"end":{"line":65,"column":54}},"65":{"start":{"line":66,"column":0},"end":{"line":66,"column":37}},"66":{"start":{"line":67,"column":0},"end":{"line":67,"column":69}},"67":{"start":{"line":68,"column":0},"end":{"line":68,"column":7}},"69":{"start":{"line":70,"column":0},"end":{"line":70,"column":47}},"70":{"start":{"line":71,"column":0},"end":{"line":71,"column":44}},"71":{"start":{"line":72,"column":0},"end":{"line":72,"column":5}},"73":{"start":{"line":74,"column":0},"end":{"line":74,"column":44}},"74":{"start":{"line":75,"column":0},"end":{"line":75,"column":37}},"75":{"start":{"line":76,"column":0},"end":{"line":76,"column":59}},"76":{"start":{"line":77,"column":0},"end":{"line":77,"column":60}},"77":{"start":{"line":78,"column":0},"end":{"line":78,"column":60}},"78":{"start":{"line":79,"column":0},"end":{"line":79,"column":7}},"80":{"start":{"line":81,"column":0},"end":{"line":81,"column":47}},"81":{"start":{"line":82,"column":0},"end":{"line":82,"column":50}},"82":{"start":{"line":83,"column":0},"end":{"line":83,"column":5}},"84":{"start":{"line":85,"column":0},"end":{"line":85,"column":41}},"85":{"start":{"line":86,"column":0},"end":{"line":86,"column":42}},"86":{"start":{"line":87,"column":0},"end":{"line":87,"column":34}},"87":{"start":{"line":88,"column":0},"end":{"line":88,"column":83}},"88":{"start":{"line":89,"column":0},"end":{"line":89,"column":5}},"90":{"start":{"line":91,"column":0},"end":{"line":91,"column":45}},"91":{"start":{"line":92,"column":0},"end":{"line":92,"column":47}},"92":{"start":{"line":93,"column":0},"end":{"line":93,"column":35}},"93":{"start":{"line":94,"column":0},"end":{"line":94,"column":34}},"94":{"start":{"line":95,"column":0},"end":{"line":95,"column":45}},"95":{"start":{"line":96,"column":0},"end":{"line":96,"column":45}},"96":{"start":{"line":97,"column":0},"end":{"line":97,"column":5}},"97":{"start":{"line":98,"column":0},"end":{"line":98,"column":3}}},"s":{"0":1,"1":1,"6":1,"7":6,"8":6,"9":6,"11":6,"12":6,"13":6,"14":6,"16":6,"17":0,"18":0,"19":6,"20":0,"21":0,"22":6,"23":6,"24":6,"25":6,"26":0,"27":0,"28":6,"29":0,"30":0,"31":6,"32":6,"34":1,"35":1,"36":1,"37":1,"38":1,"39":1,"40":1,"42":1,"43":1,"44":1,"46":1,"47":1,"48":1,"49":1,"50":1,"51":1,"52":1,"54":1,"55":1,"56":1,"58":1,"59":1,"60":1,"61":1,"62":1,"64":1,"65":1,"66":1,"67":1,"69":1,"70":1,"71":1,"73":1,"74":1,"75":1,"76":1,"77":1,"78":1,"80":1,"81":1,"82":1,"84":1,"85":1,"86":1,"87":10,"88":10,"90":1,"91":1,"92":1,"93":1,"94":1,"95":1,"96":1,"97":1},"branchMap":{"0":{"type":"branch","line":7,"loc":{"start":{"line":7,"column":46},"end":{"line":33,"column":1}},"locat
[...]
8,"column":87}},"58":{"start":{"line":59,"column":0},"end":{"line":59,"column":1}}},"s":{"0":1,"5":16,"6":16,"7":7,"8":2,"9":2,"10":2,"11":7,"12":1,"13":1,"14":1,"15":7,"16":2,"17":2,"18":2,"19":2,"20":2,"21":2,"24":16,"25":1,"26":1,"27":1,"28":16,"29":1,"30":1,"31":1,"32":16,"33":1,"34":1,"37":16,"38":1,"39":1,"40":1,"41":16,"42":1,"43":1,"44":1,"47":16,"48":1,"49":1,"52":16,"53":1,"54":1,"55":1,"57":2,"58":2},"branchMap":{"0":{"type":"branch","line":6,"loc":{"start":{"line":6,"column":0},"end":{"line":59,"column":1}},"locations":[{"start":{"line":6,"column":0},"end":{"line":59,"column":1}}]},"1":{"type":"branch","line":7,"loc":{"start":{"line":7,"column":34},"end":{"line":22,"column":3}},"locations":[{"start":{"line":7,"column":34},"end":{"line":22,"column":3}}]},"2":{"type":"branch","line":8,"loc":{"start":{"line":8,"column":38},"end":{"line":11,"column":5}},"locations":[{"start":{"line":8,"column":38},"end":{"line":11,"column":5}}]},"3":{"type":"branch","line":11,"loc":{"start":{"line":11,"column":4},"end":{"line":12,"column":34}},"locations":[{"start":{"line":11,"column":4},"end":{"line":12,"column":34}}]},"4":{"type":"branch","line":12,"loc":{"start":{"line":12,"column":34},"end":{"line":15,"column":5}},"locations":[{"start":{"line":12,"column":34},"end":{"line":15,"column":5}}]},"5":{"type":"branch","line":15,"loc":{"start":{"line":15,"column":4},"end":{"line":16,"column":35}},"locations":[{"start":{"line":15,"column":4},"end":{"line":16,"column":35}}]},"6":{"type":"branch","line":16,"loc":{"start":{"line":16,"column":35},"end":{"line":22,"column":3}},"locations":[{"start":{"line":16,"column":35},"end":{"line":22,"column":3}}]},"7":{"type":"branch","line":22,"loc":{"start":{"line":22,"column":2},"end":{"line":25,"column":36}},"locations":[{"start":{"line":22,"column":2},"end":{"line":25,"column":36}}]},"8":{"type":"branch","line":25,"loc":{"start":{"line":25,"column":36},"end":{"line":28,"column":3}},"locations":[{"start":{"line":25,"column":36},"end":{"line":28,"column":3}}]},"9":{"type":"branch","line":28,"loc":{"start":{"line":28,"column":2},"end":{"line":29,"column":39}},"locations":[{"start":{"line":28,"column":2},"end":{"line":29,"column":39}}]},"10":{"type":"branch","line":29,"loc":{"start":{"line":29,"column":39},"end":{"line":32,"column":3}},"locations":[{"start":{"line":29,"column":39},"end":{"line":32,"column":3}}]},"11":{"type":"branch","line":32,"loc":{"start":{"line":32,"column":2},"end":{"line":33,"column":47}},"locations":[{"start":{"line":32,"column":2},"end":{"line":33,"column":47}}]},"12":{"type":"branch","line":33,"loc":{"start":{"line":33,"column":47},"end":{"line":35,"column":3}},"locations":[{"start":{"line":33,"column":47},"end":{"line":35,"column":3}}]},"13":{"type":"branch","line":35,"loc":{"start":{"line":35,"column":2},"end":{"line":38,"column":21}},"locations":[{"start":{"line":35,"column":2},"end":{"line":38,"column":21}}]},"14":{"type":"branch","line":38,"loc":{"start":{"line":38,"column":13},"end":{"line":38,"column":32}},"locations":[{"start":{"line":38,"column":13},"end":{"line":38,"column":32}}]},"15":{"type":"branch","line":38,"loc":{"start":{"line":38,"column":44},"end":{"line":41,"column":3}},"locations":[{"start":{"line":38,"column":44},"end":{"line":41,"column":3}}]},"16":{"type":"branch","line":41,"loc":{"start":{"line":41,"column":2},"end":{"line":42,"column":21}},"locations":[{"start":{"line":41,"column":2},"end":{"line":42,"column":21}}]},"17":{"type":"branch","line":42,"loc":{"start":{"line":42,"column":13},"end":{"line":42,"column":32}},"locations":[{"start":{"line":42,"column":13},"end":{"line":42,"column":32}}]},"18":{"type":"branch","line":42,"loc":{"start":{"line":42,"column":40},"end":{"line":45,"column":3}},"locations":[{"start":{"line":42,"column":40},"end":{"line":45,"column":3}}]},"19":{"type":"branch","line":45,"loc":{"start":{"line":45,"column":2},"end":{"line":48,"column":20}},"locations":[{"start":{"line":45,"column":2},"end":{"line":48,"column":20}}]},"20":{"type":"branch","line":48,"loc":{"start":{"line":48,"column":13},"end":{"line":48,"column":36}},"locations":[{"start":{"line":48,"column":13},"end":{"line":48,"column":36}}]},"21":{"type":"branch","line":48,"loc":{"start":{"line":48,"column":36},"end":{"line":50,"column":3}},"locations":[{"start":{"line":48,"column":36},"end":{"line":50,"column":3}}]},"22":{"type":"branch","line":50,"loc":{"start":{"line":50,"column":2},"end":{"line":53,"column":20}},"locations":[{"start":{"line":50,"column":2},"end":{"line":53,"column":20}}]},"23":{"type":"branch","line":53,"loc":{"start":{"line":53,"column":13},"end":{"line":53,"column":35}},"locations":[{"start":{"line":53,"column":13},"end":{"line":53,"column":35}}]},"24":{"type":"branch","line":53,"loc":{"start":{"line":53,"column":35},"end":{"line":56,"column":3}},"locations":[{"start":{"line":53,"column":35},"end":{"line":56,"column":3}}]},"25":{"type":"branch","line":56,"loc":{"start":{"line":56,"column":2},"end":{"line":59,"column":1}},"locations":[{"start":{"line":56,"column":2},"end":{"line":59,"column":1}}]}},"b":{"0":[16],"1":[7],"2":[2],"3":[5],"4":[1],"5":[4],"6":[2],"7":[9],"8":[1],"9":[8],"10":[1],"11":[7],"12":[1],"13":[6],"14":[3],"15":[1],"16":[5],"17":[2],"18":[1],"19":[4],"20":[2],"21":[1],"22":[3],"23":[1],"24":[1],"25":[2]},"fnMap":{"0":{"name":"resolveLLMProvider","decl":{"start":{"line":6,"column":0},"end":{"line":59,"column":1}},"loc":{"start":{"line":6,"column":0},"end":{"line":59,"column":1}},"line":6}},"f":{"0":16}}
,"/Users/alvarotech/dev/chatdb/packages/chatdb-sdk/src/prompt/dialects.ts": {"path":"/Users/alvarotech/dev/chatdb/packages/chatdb-sdk/src/prompt/dialects.ts","all":false,"statementMap":{"10":{"start":{"line":11,"column":0},"end":{"line":11,"column":62}},"11":{"start":{"line":12,"column":0},"end":{"line":12,"column":15}},"12":{"start":{"line":13,"column":0},"end":{"line":13,"column":23}},"13":{"start":{"line":14,"column":0},"end":{"line":14,"column":32}},"14":{"start":{"line":15,"column":0},"end":{"line":15,"column":46}},"15":{"start":{"line":16,"column":0},"end":{"line":16,"column":23}},"16":{"start":{"line":17,"column":0},"end":{"line":17,"column":12}},"17":{"start":{"line":18,"column":0},"end":{"line":18,"column":49}},"18":{"start":{"line":19,"column":0},"end":{"line":19,"column":45}},"19":{"start":{"line":20,"column":0},"end":{"line":20,"column":37}},"20":{"start":{"line":21,"column":0},"end":{"line":21,"column":6}},"21":{"start":{"line":22,"column":0},"end":{"line":22,"column":4}},"22":{"start":{"line":23,"column":0},"end":{"line":23,"column":10}},"23":{"start":{"line":24,"column":0},"end":{"line":24,"column":18}},"24":{"start":{"line":25,"column":0},"end":{"line":25,"column":29}},"25":{"start":{"line":26,"column":0},"end":{"line":26,"column":49}},"26":{"start":{"line":27,"column":0},"end":{"line":27,"column":33}},"27":{"start":{"line":28,"column":0},"end":{"line":28,"column":12}},"28":{"start":{"line":29,"column":0},"end":{"line":29,"column":63}},"29":{"start":{"line":30,"column":0},"end":{"line":30,"column":45}},"30":{"start":{"line":31,"column":0},"end":{"line":31,"column":43}},"31":{"start":{"line":32,"column":0},"end":{"line":32,"column":62}},"32":{"start":{"line":33,"column":0},"end":{"line":33,"column":6}},"33":{"start":{"line":34,"column":0},"end":{"line":34,"column":4}},"34":{"start":{"line":35,"column":0},"end":{"line":35,"column":11}},"35":{"start":{"line":36,"column":0},"end":{"line":36,"column":19}},"36":{"start":{"line":37,"column":0},"end":{"line":37,"column":31}},"37":{"start":{"line":38,"column":0},"end":{"line":38,"column":43}},"38":{"start":{"line":39,"column":0},"end":{"line":39,"column":23}},"39":{"start":{"line":40,"column":0},"end":{"line":40,"column":12}},"40":{"start":{"line":41,"column":0},"end":{"line":41,"column":63}},"41":{"start":{"line":42,"column":0},"end":{"line":42,"column":46}},"42":{"start":{"line":43,"column":0},"end":{"line":43,"column":42}},"43":{"start":{"line":44,"column":0},"end":{"line":44,"column":42}},"44":{"start":{"line":45,"column":0},"end":{"line":45,"column":6}},"45":{"start":{"line":46,"column":0},"end":{"line":46,"column":4}},"46":{"start":{"line":47,"column":0},"end":{"line":47,"column":2}}},"s":{"10":1,"11":1,"12":1,"13":1,"14":1,"15":1,"16":1,"17":1,"18":1,"19":1,"20":1,"21":1,"22":1,"23":1,"24":1,"25":1,"26":1,"27":1,"28":1,"29":1,"30":1,"31":1,"32":1,"33":1,"34":1,"35":1,"36":1,"37":1,"38":1,"39":1,"40":1,"41":1,"42":1,"43":1,"44":1,"45":1,"46":1},"branchMap":{},"b":{},"fnMap":{},"f":{}}
,"/Users/alvarotech/dev/chatdb/packages/chatdb-sdk/src/prompt/system.ts": {"path":"/Users/alvarotech/dev/chatdb/packages/chatdb-sdk/src/prompt/system.ts","all":false,"statementMap":{"0":{"start":{"line":1,"column":0},"end":{"line":1,"column":51}},"3":{"start":{"line":4,"column":0},"end":{"line":4,"column":34}},"4":{"start":{"line":5,"column":0},"end":{"line":5,"column":27}},"5":{"start":{"line":6,"column":0},"end":{"line":6,"column":21}},"6":{"start":{"line":7,"column":0},"end":{"line":7,"column":21}},"7":{"start":{"line":8,"column":0},"end":{"line":8,"column":11}},"8":{"start":{"line":9,"column":0},"end":{"line":9,"column":30}},"10":{"start":{"line":11,"column":0},"end":{"line":11,"column":98}},"11":{"start":{"line":12,"column":0},"end":{"line":12,"column":278}},"18":{"start":{"line":19,"column":0},"end":{"line":19,"column":20}},"19":{"start":{"line":20,"column":0},"end":{"line":20,"column":32}},"20":{"start":{"line":21,"column":0},"end":{"line":21,"column":33}},"21":{"start":{"line":22,"column":0},"end":{"line":22,"column":41}},"22":{"start":{"line":23,"column":0},"end":{"line":23,"column":42}},"25":{"start":{"line":26,"column":0},"end":{"line":26,"column":15}},"26":{"start":{"line":27,"column":0},"end":{"line":27,"column":1}}},"s":{"0":1,"3":1,"4":77,"5":77,"6":77,"7":77,"8":77,"10":77,"11":77,"18":77,"19":77,"20":77,"21":77,"22":77,"25":77,"26":77},"branchMap":{"0":{"type":"branch","line":4,"loc":{"start":{"line":4,"column":7},"end":{"line":27,"column":1}},"locations":[{"start":{"line":4,"column":7},"end":{"line":27,"column":1}}]},"1":{"type":"branch","line":12,"loc":{"start":{"line":12,"column":141},"end":{"line":12,"column":275}},"locations":[{"start":{"line":12,"column":141},"end":{"line":12,"column":275}}]},"2":{"type":"branch","line":12,"loc":{"start":{"line":12,"column":156},"end":{"line":12,"column":277}},"locations":[{"start":{"line":12,"column":156},"end":{"line":12,"column":277}}]},"3":{"type":"branch","line":23,"loc":{"start":{"line":23,"column":14},"end":{"line":23,"column":29}},"locations":[{"start":{"line":23,"column":14},"end":{"line":23,"column":29}}]}},"b":{"0":[77],"1":[70],"2":[7],"3":[238]},"fnMap":{"0":{"name":"buildSystemPrompt","decl":{"start":{"line":4,"column":7},"end":{"line":27,"column":1}},"loc":{"start":{"line":4,"column":7},"end":{"line":27,"column":1}},"line":4}},"f":{"0":77}}
,"/Users/alvarotech/dev/chatdb/packages/chatdb-sdk/src/utils/errors.ts": {"path":"/Users/alvarotech/dev/chatdb/packages/chatdb-sdk/src/utils/errors.ts","all":false,"statementMap":{"0":{"start":{"line":1,"column":0},"end":{"line":1,"column":40}},"1":{"start":{"line":2,"column":0},"end":{"line":2,"column":15}},"2":{"start":{"line":3,"column":0},"end":{"line":3,"column":55}},"3":{"start":{"line":4,"column":0},"end":{"line":4,"column":19}},"4":{"start":{"line":5,"column":0},"end":{"line":5,"column":30}},"5":{"start":{"line":6,"column":0},"end":{"line":6,"column":21}},"6":{"start":{"line":7,"column":0},"end":{"line":7,"column":3}},"7":{"start":{"line":8,"column":0},"end":{"line":8,"column":1}},"9":{"start":{"line":10,"column":0},"end":{"line":10,"column":50}},"10":{"start":{"line":11,"column":0},"end":{"line":11,"column":14}},"11":{"start":{"line":12,"column":0},"end":{"line":12,"column":45}},"12":{"start":{"line":13,"column":0},"end":{"line":13,"column":39}},"13":{"start":{"line":14,"column":0},"end":{"line":14,"column":34}},"14":{"start":{"line":15,"column":0},"end":{"line":15,"column":19}},"15":{"start":{"line":16,"column":0},"end":{"line":16,"column":3}},"16":{"start":{"line":17,"column":0},"end":{"line":17,"column":1}},"18":{"start":{"line":19,"column":0},"end":{"line":19,"column":43}},"19":{"start":{"line":20,"column":0},"end":{"line":20,"column":19}},"20":{"start":{"line":21,"column":0},"end":{"line":21,"column":22}},"21":{"start":{"line":22,"column":0},"end":{"line":22,"column":71}},"22":{"start":{"line":23,"column":0},"end":{"line":23,"column":32}},"23":{"start":{"line":24,"column":0},"end":{"line":24,"column":27}},"24":{"start":{"line":25,"column":0},"end":{"line":25,"column":29}},"25":{"start":{"line":26,"column":0},"end":{"line":26,"column":33}},"26":{"start":{"line":27,"column":0},"end":{"line":27,"column":3}},"27":{"start":{"line":28,"column":0},"end":{"line":28,"column":1}},"29":{"start":{"line":30,"column":0},"end":{"line":30,"column":48}},"30":{"start":{"line":31,"column":0},"end":{"line":31,"column":18}},"31":{"start":{"line":32,"column":0},"end":{"line":32,"column":49}},"32":{"start":{"line":33,"column":0},"end":{"line":33,"column":37}},"33":{"start":{"line":34,"column":0},"end":{"line":34,"column":32}},"34":{"start":{"line":35,"column":0},"end":{"line":35,"column":27}},"35":{"start":{"line":36,"column":0},"end":{"line":36,"column":3}},"36":{"start":{"line":37,"column":0},"end":{"line":37,"column":1}},"38":{"start":{"line":39,"column":0},"end":{"line":39,"column":52}},"39":{"start":{"line":40,"column":0},"end":{"line":40,"column":33}},"40":{"start":{"line":41,"column":0},"end":{"line":41,"column":10}},"41":{"start":{"line":42,"column":0},"end":{"line":42,"column":77}},"42":{"start":{"line":43,"column":0},"end":{"line":43,"column":15}},"43":{"start":{"line":44,"column":0},"end":{"line":44,"column":6}},"44":{"start":{"line":45,"column":0},"end":{"line":45,"column":35}},"45":{"start":{"line":46,"column":0},"end":{"line":46,"column":39}},"46":{"start":{"line":47,"column":0},"end":{"line":47,"column":3}},"47":{"start":{"line":48,"column":0},"end":{"line":48,"column":1}}},"s":{"0":1,"1":48,"2":48,"3":48,"4":48,"5":48,"6":48,"7":48,"9":1,"10":5,"11":5,"12":5,"13":5,"14":5,"15":5,"16":5,"18":1,"19":21,"20":21,"21":21,"22":21,"23":21,"24":21,"25":21,"26":21,"27":21,"29":1,"30":10,"31":10,"32":10,"33":10,"34":10,"35":10,"36":10,"38":1,"39":1,"40":7,"41":7,"42":7,"43":7,"44":7,"45":7,"46":7,"47":1},"branchMap":{"0":{"type":"branch","line":1,"loc":{"start":{"line":1,"column":39},"end":{"line":8,"column":1}},"locations":[{"start":{"line":1,"column":39},"end":{"line":8,"column":1}}]},"1":{"type":"branch","line":3,"loc":{"start":{"line":3,"column":2},"end":{"line":7,"column":3}},"locations":[{"start":{"line":3,"column":2},"end":{"line":7,"column":3}}]},"2":{"type":"branch","line":10,"loc":{"start":{"line":10,"column":49},"end":{"line":17,"column":1}},"locations":[{"start":{"line":10,"column":49},"end":{"line":17,"column":1}}]},"3":{"type":"branch","line":12,"loc":{"start":{"line":12,"column":2},"end":{"line":16,"column":3}},"locations":[{"start":{"line":12,"column":2},"end":{"line":16,"column":3}}]},"4":{"type":"branch","line":19,"loc":{"start":{"line":19,"column":42},"end":{"line":28,"column":1}},"locations":[{"start":{"line":19,"column":42},"end":{"line":28,"column":1}}]},"5":{"type":"branch","line":22,"loc":{"start":{"line":22,"column":2},"end":{"line":27,"column":3}},"locations":[{"start":{"line":22,"column":2},"end":{"line":27,"column":3}}]},"6":{"type":"branch","line":30,"loc":{"start":{"line":30,"column":47},"end":{"line":37,"column":1}},"locations":[{"start":{"line":30,"column":47},"end":{"line":37,"column":1}}]},"7":{"type":"branch","line":32,"loc":{"start":{"line":32,"column":2},"end":{"line":36,"column":3}},"locations":[{"start":{"line":32,"column":2},"end":{"line":36,"column":3}}]},"8":{"type":"branch","line":40,"loc":{"start":{"line":40,"column":2},"end":{"line":47,"column":3}},"locations":[{"start":{"line":40,"column":2},"end":{"line":47,"column":3}}]}},"b":{"0":[48],"1":[48],"2":[5],"3":[5],"4":[21],"5":[21],"6":[10],"7":[10],"8":[7]},"fnMap":{"0":{"name":"<instance_members_initializer>","decl":{"start":{"line":1,"column":39},"end":{"line":8,"column":1}},"loc":{"start":{"line":1,"column":39},"end":{"line":8,"column":1}},"line":1},"1":{"name":"ChatDBError","decl":{"start":{"line":3,"column":2},"end":{"line":7,"column":3}},"loc":{"start":{"line":3,"column":2},"end":{"line":7,"column":3}},"line":3},"2":{"name":"<instance_members_initializer>","decl":{"start":{"line":10,"column":49},"end":{"line":17,"column":1}},"loc":{"start":{"line":10,"column":49},"end":{"line":17,"column":1}},"line":10},"3":{"name":"ValidationError","decl":{"start":{"line":12,"column":2},"end":{"line":16,"column":3}},"loc":{"start":{"line":12,"column":2},"end":{"line":16,"column":3}},"line":12},"4":{"name":"<instance_members_initializer>","decl":{"start":{"line":19,"column":42},"end":{"line":28,"column":1}},"loc":{"start":{"line":19,"column":42},"end":{"line":28,"column":1}},"line":19},"5":{"name":"LLMError","decl":{"start":{"line":22,"column":2},"end":{"line":27,"column":3}},"loc":{"start":{"line":22,"column":2},"end":{"line":27,"column":3}},"line":22},"6":{"name":"<instance_members_initializer>","decl":{"start":{"line":30,"column":47},"end":{"line":37,"column":1}},"loc":{"start":{"line":30,"column":47},"end":{"line":37,"column":1}},"line":30},"7":{"name":"DatabaseError","decl":{"start":{"line":32,"column":2},"end":{"line":36,"column":3}},"loc":{"start":{"line":32,"column":2},"end":{"line":36,"column":3}},"line":32},"8":{"name":"ContextOverflowError","decl":{"start":{"line":40,"column":2},"end":{"line":47,"column":3}},"loc":{"start":{"line":40,"column":2},"end":{"line":47,"column":3}},"line":40}},"f":{"0":48,"1":48,"2":5,"3":5,"4":21,"5":21,"6":10,"7":10,"8":7}}
,"/Users/alvarotech/dev/chatdb/packages/chatdb-sdk/src/utils/tokens.ts": {"path":"/Users/alvarotech/dev/chatdb/packages/chatdb-sdk/src/utils/tokens.ts","all":false,"statementMap":{"1":{"start":{"line":2,"column":0},"end":{"line":2,"column":54}},"2":{"start":{"line":3,"column":0},"end":{"line":3,"column":36}},"3":{"start":{"line":4,"column":0},"end":{"line":4,"column":1}},"6":{"start":{"line":7,"column":0},"end":{"line":7,"column":105}},"7":{"start":{"line":8,"column":0},"end":{"line":8,"column":33}},"8":{"start":{"line":9,"column":0},"end":{"line":9,"column":75}},"9":{"start":{"line":10,"column":0},"end":{"line":10,"column":46}},"10":{"start":{"line":11,"column":0},"end":{"line":11,"column":50}},"11":{"start":{"line":12,"column":0},"end":{"line":12,"column":10}},"12":{"start":{"line":13,"column":0},"end":{"line":13,"column":86}},"13":{"start":{"line":14,"column":0},"end":{"line":14,"column":20}},"14":{"start":{"line":15,"column":0},"end":{"line":15,"column":4}},"15":{"start":{"line":16,"column":0},"end":{"line":16,"column":1}}},"s":{"1":1,"2":100,"3":100,"6":1,"7":36,"8":36,"9":3,"10":3,"11":3,"12":3,"13":3,"14":3,"15":3},"branchMap":{"0":{"type":"branch","line":2,"loc":{"start":{"line":2,"column":7},"end":{"line":4,"column":1}},"locations":[{"start":{"line":2,"column":7},"end":{"line":4,"column":1}}]},"1":{"type":"branch","line":7,"loc":{"start":{"line":7,"column":7},"end":{"line":16,"column":1}},"locations":[{"start":{"line":7,"column":7},"end":{"line":16,"column":1}}]},"2":{"type":"branch","line":9,"loc":{"start":{"line":9,"column":33},"end":{"line":16,"column":1}},"locations":[{"start":{"line":9,"column":33},"end":{"line":16,"column":1}}]},"3":{"type":"branch","line":9,"loc":{"start":{"line":9,"column":73},"end":{"line":16,"column":1}},"locations":[{"start":{"line":9,"column":73},"end":{"line":16,"column":1}}]}},"b":{"0":[100],"1":[36],"2":[33],"3":[3]},"fnMap":{"0":{"name":"estimateTokens","decl":{"start":{"line":2,"column":7},"end":{"line":4,"column":1}},"loc":{"start":{"line":2,"column":7},"end":{"line":4,"column":1}},"line":2},"1":{"name":"truncateSchema","decl":{"start":{"line":7,"column":7},"end":{"line":16,"column":1}},"loc":{"start":{"line":7,"column":7},"end":{"line":16,"column":1}},"line":7}},"f":{"0":100,"1":36}}
}
